INFO: [VRFC 10-163] Analyzing VHDL file "/home/eciftci/Vivado_Projects/micro/micro.ip_user_files/bd/microblazev/ip/microblazev_microblaze_riscv_0_0/sim/microblazev_microblaze_riscv_0_0.vhd" into library xil_defaultlib
INFO: [VRFC 10-3107] analyzing entity 'microblazev_microblaze_riscv_0_0'
INFO: [VRFC 10-163] Analyzing VHDL file "/home/eciftci/Vivado_Projects/micro/micro.ip_user_files/bd/microblazev/ip/microblazev_dlmb_v10_0/sim/microblazev_dlmb_v10_0.vhd" into library xil_defaultlib
INFO: [VRFC 10-3107] analyzing entity 'microblazev_dlmb_v10_0'
INFO: [VRFC 10-163] Analyzing VHDL file "/home/eciftci/Vivado_Projects/micro/micro.ip_user_files/bd/microblazev/ip/microblazev_ilmb_v10_0/sim/microblazev_ilmb_v10_0.vhd" into library xil_defaultlib
INFO: [VRFC 10-3107] analyzing entity 'microblazev_ilmb_v10_0'
INFO: [VRFC 10-163] Analyzing VHDL file "/home/eciftci/Vivado_Projects/micro/micro.ip_user_files/bd/microblazev/ip/microblazev_dlmb_bram_if_cntlr_0/sim/microblazev_dlmb_bram_if_cntlr_0.vhd" into library xil_defaultlib
INFO: [VRFC 10-3107] analyzing entity 'microblazev_dlmb_bram_if_cntlr_0'
INFO: [VRFC 10-163] Analyzing VHDL file "/home/eciftci/Vivado_Projects/micro/micro.ip_user_files/bd/microblazev/ip/microblazev_ilmb_bram_if_cntlr_0/sim/microblazev_ilmb_bram_if_cntlr_0.vhd" into library xil_defaultlib
INFO: [VRFC 10-3107] analyzing entity 'microblazev_ilmb_bram_if_cntlr_0'
INFO: [VRFC 10-163] Analyzing VHDL file "/home/eciftci/Vivado_Projects/micro/micro.ip_user_files/bd/microblazev/ip/microblazev_mdm_1_0/sim/microblazev_mdm_1_0.vhd" into library xil_defaultlib
INFO: [VRFC 10-3107] analyzing entity 'microblazev_mdm_1_0'
INFO: [VRFC 10-163] Analyzing VHDL file "/home/eciftci/Vivado_Projects/micro/micro.ip_user_files/bd/microblazev/ip/microblazev_rst_clk_wiz_1_100M_0/sim/microblazev_rst_clk_wiz_1_100M_0.vhd" into library xil_defaultlib
INFO: [VRFC 10-3107] analyzing entity 'microblazev_rst_clk_wiz_1_100M_0'
INFO: [VRFC 10-163] Analyzing VHDL file "/home/eciftci/Vivado_Projects/micro/micro.ip_user_files/bd/microblazev/ip/microblazev_axi_uartlite_0_0/sim/microblazev_axi_uartlite_0_0.vhd" into library xil_defaultlib
INFO: [VRFC 10-3107] analyzing entity 'microblazev_axi_uartlite_0_0'
INFO: [VRFC 10-163] Analyzing VHDL file "/home/eciftci/Vivado_Projects/micro/micro.ip_user_files/bd/microblazev/ip/microblazev_axi_smc_0/bd_0/ip/ip_1/sim/bd_2613_psr_aclk_0.vhd" into library xil_defaultlib
INFO: [VRFC 10-3107] analyzing entity 'bd_2613_psr_aclk_0'
INFO: [VRFC 10-163] Analyzing VHDL file "/home/eciftci/Vivado_Projects/micro/micro.ip_user_files/bd/microblazev/ip/microblazev_axi_intc_0_0/sim/microblazev_axi_intc_0_0.vhd" into library xil_defaultlib
INFO: [VRFC 10-3107] analyzing entity 'microblazev_axi_intc_0_0'
