INFO: [VRFC 10-2263] Analyzing Verilog file "/home/eciftci/Vivado_Projects/micro/micro.ip_user_files/bd/microblazev/ip/microblazev_lmb_bram_0/sim/microblazev_lmb_bram_0.v" into library xil_defaultlib
INFO: [VRFC 10-311] analyzing module microblazev_lmb_bram_0
INFO: [VRFC 10-2263] Analyzing Verilog file "/home/eciftci/Vivado_Projects/micro/micro.ip_user_files/bd/microblazev/ip/microblazev_clk_wiz_1_0/microblazev_clk_wiz_1_0_clk_wiz.v" into library xil_defaultlib
INFO: [VRFC 10-311] analyzing module microblazev_clk_wiz_1_0_clk_wiz
INFO: [VRFC 10-2263] Analyzing Verilog file "/home/eciftci/Vivado_Projects/micro/micro.ip_user_files/bd/microblazev/ip/microblazev_clk_wiz_1_0/microblazev_clk_wiz_1_0.v" into library xil_defaultlib
INFO: [VRFC 10-311] analyzing module microblazev_clk_wiz_1_0
INFO: [VRFC 10-2263] Analyzing Verilog file "/home/eciftci/Vivado_Projects/micro/micro.ip_user_files/bd/microblazev/ip/microblazev_axi_smc_0/bd_0/ip/ip_0/sim/bd_2613_one_0.v" into library xil_defaultlib
INFO: [VRFC 10-311] analyzing module bd_2613_one_0
INFO: [VRFC 10-2263] Analyzing SystemVerilog file "/home/eciftci/Vivado_Projects/micro/micro.ip_user_files/bd/microblazev/ip/microblazev_axi_smc_0/bd_0/ip/ip_2/sim/bd_2613_arinsw_0.sv" into library xil_defaultlib
INFO: [VRFC 10-311] analyzing module bd_2613_arinsw_0
INFO: [VRFC 10-2263] Analyzing SystemVerilog file "/home/eciftci/Vivado_Projects/micro/micro.ip_user_files/bd/microblazev/ip/microblazev_axi_smc_0/bd_0/ip/ip_3/sim/bd_2613_rinsw_0.sv" into library xil_defaultlib
INFO: [VRFC 10-311] analyzing module bd_2613_rinsw_0
INFO: [VRFC 10-2263] Analyzing SystemVerilog file "/home/eciftci/Vivado_Projects/micro/micro.ip_user_files/bd/microblazev/ip/microblazev_axi_smc_0/bd_0/ip/ip_4/sim/bd_2613_awinsw_0.sv" into library xil_defaultlib
INFO: [VRFC 10-311] analyzing module bd_2613_awinsw_0
INFO: [VRFC 10-2263] Analyzing SystemVerilog file "/home/eciftci/Vivado_Projects/micro/micro.ip_user_files/bd/microblazev/ip/microblazev_axi_smc_0/bd_0/ip/ip_5/sim/bd_2613_winsw_0.sv" into library xil_defaultlib
INFO: [VRFC 10-311] analyzing module bd_2613_winsw_0
INFO: [VRFC 10-2263] Analyzing SystemVerilog file "/home/eciftci/Vivado_Projects/micro/micro.ip_user_files/bd/microblazev/ip/microblazev_axi_smc_0/bd_0/ip/ip_6/sim/bd_2613_binsw_0.sv" into library xil_defaultlib
INFO: [VRFC 10-311] analyzing module bd_2613_binsw_0
INFO: [VRFC 10-2263] Analyzing SystemVerilog file "/home/eciftci/Vivado_Projects/micro/micro.ip_user_files/bd/microblazev/ip/microblazev_axi_smc_0/bd_0/ip/ip_7/sim/bd_2613_aroutsw_0.sv" into library xil_defaultlib
INFO: [VRFC 10-311] analyzing module bd_2613_aroutsw_0
WARNING: [VRFC 10-8772] attribute 'X_INTERFACE_MODE' is already specified; last one will take precedence [/home/eciftci/Vivado_Projects/micro/micro.ip_user_files/bd/microblazev/ip/microblazev_axi_smc_0/bd_0/ip/ip_7/sim/bd_2613_aroutsw_0.sv:93]
WARNING: [VRFC 10-8772] attribute 'X_INTERFACE_MODE' is already specified; last one will take precedence [/home/eciftci/Vivado_Projects/micro/micro.ip_user_files/bd/microblazev/ip/microblazev_axi_smc_0/bd_0/ip/ip_7/sim/bd_2613_aroutsw_0.sv:94]
WARNING: [VRFC 10-8772] attribute 'X_INTERFACE_MODE' is already specified; last one will take precedence [/home/eciftci/Vivado_Projects/micro/micro.ip_user_files/bd/microblazev/ip/microblazev_axi_smc_0/bd_0/ip/ip_7/sim/bd_2613_aroutsw_0.sv:95]
INFO: [VRFC 10-2263] Analyzing SystemVerilog file "/home/eciftci/Vivado_Projects/micro/micro.ip_user_files/bd/microblazev/ip/microblazev_axi_smc_0/bd_0/ip/ip_8/sim/bd_2613_routsw_0.sv" into library xil_defaultlib
INFO: [VRFC 10-311] analyzing module bd_2613_routsw_0
WARNING: [VRFC 10-8772] attribute 'X_INTERFACE_MODE' is already specified; last one will take precedence [/home/eciftci/Vivado_Projects/micro/micro.ip_user_files/bd/microblazev/ip/microblazev_axi_smc_0/bd_0/ip/ip_8/sim/bd_2613_routsw_0.sv:82]
WARNING: [VRFC 10-8772] attribute 'X_INTERFACE_PARAMETER' is already specified; last one will take precedence [/home/eciftci/Vivado_Projects/micro/micro.ip_user_files/bd/microblazev/ip/microblazev_axi_smc_0/bd_0/ip/ip_8/sim/bd_2613_routsw_0.sv:83]
WARNING: [VRFC 10-8772] attribute 'X_INTERFACE_MODE' is already specified; last one will take precedence [/home/eciftci/Vivado_Projects/micro/micro.ip_user_files/bd/microblazev/ip/microblazev_axi_smc_0/bd_0/ip/ip_8/sim/bd_2613_routsw_0.sv:84]
WARNING: [VRFC 10-8772] attribute 'X_INTERFACE_PARAMETER' is already specified; last one will take precedence [/home/eciftci/Vivado_Projects/micro/micro.ip_user_files/bd/microblazev/ip/microblazev_axi_smc_0/bd_0/ip/ip_8/sim/bd_2613_routsw_0.sv:85]
WARNING: [VRFC 10-8772] attribute 'X_INTERFACE_MODE' is already specified; last one will take precedence [/home/eciftci/Vivado_Projects/micro/micro.ip_user_files/bd/microblazev/ip/microblazev_axi_smc_0/bd_0/ip/ip_8/sim/bd_2613_routsw_0.sv:86]
WARNING: [VRFC 10-8772] attribute 'X_INTERFACE_PARAMETER' is already specified; last one will take precedence [/home/eciftci/Vivado_Projects/micro/micro.ip_user_files/bd/microblazev/ip/microblazev_axi_smc_0/bd_0/ip/ip_8/sim/bd_2613_routsw_0.sv:87]
INFO: [VRFC 10-2263] Analyzing SystemVerilog file "/home/eciftci/Vivado_Projects/micro/micro.ip_user_files/bd/microblazev/ip/microblazev_axi_smc_0/bd_0/ip/ip_9/sim/bd_2613_awoutsw_0.sv" into library xil_defaultlib
INFO: [VRFC 10-311] analyzing module bd_2613_awoutsw_0
WARNING: [VRFC 10-8772] attribute 'X_INTERFACE_MODE' is already specified; last one will take precedence [/home/eciftci/Vivado_Projects/micro/micro.ip_user_files/bd/microblazev/ip/microblazev_axi_smc_0/bd_0/ip/ip_9/sim/bd_2613_awoutsw_0.sv:93]
WARNING: [VRFC 10-8772] attribute 'X_INTERFACE_MODE' is already specified; last one will take precedence [/home/eciftci/Vivado_Projects/micro/micro.ip_user_files/bd/microblazev/ip/microblazev_axi_smc_0/bd_0/ip/ip_9/sim/bd_2613_awoutsw_0.sv:94]
WARNING: [VRFC 10-8772] attribute 'X_INTERFACE_MODE' is already specified; last one will take precedence [/home/eciftci/Vivado_Projects/micro/micro.ip_user_files/bd/microblazev/ip/microblazev_axi_smc_0/bd_0/ip/ip_9/sim/bd_2613_awoutsw_0.sv:95]
INFO: [VRFC 10-2263] Analyzing SystemVerilog file "/home/eciftci/Vivado_Projects/micro/micro.ip_user_files/bd/microblazev/ip/microblazev_axi_smc_0/bd_0/ip/ip_10/sim/bd_2613_woutsw_0.sv" into library xil_defaultlib
INFO: [VRFC 10-311] analyzing module bd_2613_woutsw_0
WARNING: [VRFC 10-8772] attribute 'X_INTERFACE_MODE' is already specified; last one will take precedence [/home/eciftci/Vivado_Projects/micro/micro.ip_user_files/bd/microblazev/ip/microblazev_axi_smc_0/bd_0/ip/ip_10/sim/bd_2613_woutsw_0.sv:93]
WARNING: [VRFC 10-8772] attribute 'X_INTERFACE_MODE' is already specified; last one will take precedence [/home/eciftci/Vivado_Projects/micro/micro.ip_user_files/bd/microblazev/ip/microblazev_axi_smc_0/bd_0/ip/ip_10/sim/bd_2613_woutsw_0.sv:94]
WARNING: [VRFC 10-8772] attribute 'X_INTERFACE_MODE' is already specified; last one will take precedence [/home/eciftci/Vivado_Projects/micro/micro.ip_user_files/bd/microblazev/ip/microblazev_axi_smc_0/bd_0/ip/ip_10/sim/bd_2613_woutsw_0.sv:95]
INFO: [VRFC 10-2263] Analyzing SystemVerilog file "/home/eciftci/Vivado_Projects/micro/micro.ip_user_files/bd/microblazev/ip/microblazev_axi_smc_0/bd_0/ip/ip_11/sim/bd_2613_boutsw_0.sv" into library xil_defaultlib
INFO: [VRFC 10-311] analyzing module bd_2613_boutsw_0
WARNING: [VRFC 10-8772] attribute 'X_INTERFACE_MODE' is already specified; last one will take precedence [/home/eciftci/Vivado_Projects/micro/micro.ip_user_files/bd/microblazev/ip/microblazev_axi_smc_0/bd_0/ip/ip_11/sim/bd_2613_boutsw_0.sv:82]
WARNING: [VRFC 10-8772] attribute 'X_INTERFACE_PARAMETER' is already specified; last one will take precedence [/home/eciftci/Vivado_Projects/micro/micro.ip_user_files/bd/microblazev/ip/microblazev_axi_smc_0/bd_0/ip/ip_11/sim/bd_2613_boutsw_0.sv:83]
WARNING: [VRFC 10-8772] attribute 'X_INTERFACE_MODE' is already specified; last one will take precedence [/home/eciftci/Vivado_Projects/micro/micro.ip_user_files/bd/microblazev/ip/microblazev_axi_smc_0/bd_0/ip/ip_11/sim/bd_2613_boutsw_0.sv:84]
WARNING: [VRFC 10-8772] attribute 'X_INTERFACE_PARAMETER' is already specified; last one will take precedence [/home/eciftci/Vivado_Projects/micro/micro.ip_user_files/bd/microblazev/ip/microblazev_axi_smc_0/bd_0/ip/ip_11/sim/bd_2613_boutsw_0.sv:85]
WARNING: [VRFC 10-8772] attribute 'X_INTERFACE_MODE' is already specified; last one will take precedence [/home/eciftci/Vivado_Projects/micro/micro.ip_user_files/bd/microblazev/ip/microblazev_axi_smc_0/bd_0/ip/ip_11/sim/bd_2613_boutsw_0.sv:86]
WARNING: [VRFC 10-8772] attribute 'X_INTERFACE_PARAMETER' is already specified; last one will take precedence [/home/eciftci/Vivado_Projects/micro/micro.ip_user_files/bd/microblazev/ip/microblazev_axi_smc_0/bd_0/ip/ip_11/sim/bd_2613_boutsw_0.sv:87]
INFO: [VRFC 10-2263] Analyzing SystemVerilog file "/home/eciftci/Vivado_Projects/micro/micro.ip_user_files/bd/microblazev/ip/microblazev_axi_smc_0/bd_0/ip/ip_12/sim/bd_2613_arni_0.sv" into library xil_defaultlib
INFO: [VRFC 10-311] analyzing module bd_2613_arni_0
INFO: [VRFC 10-2263] Analyzing SystemVerilog file "/home/eciftci/Vivado_Projects/micro/micro.ip_user_files/bd/microblazev/ip/microblazev_axi_smc_0/bd_0/ip/ip_13/sim/bd_2613_rni_0.sv" into library xil_defaultlib
INFO: [VRFC 10-311] analyzing module bd_2613_rni_0
INFO: [VRFC 10-2263] Analyzing SystemVerilog file "/home/eciftci/Vivado_Projects/micro/micro.ip_user_files/bd/microblazev/ip/microblazev_axi_smc_0/bd_0/ip/ip_14/sim/bd_2613_awni_0.sv" into library xil_defaultlib
INFO: [VRFC 10-311] analyzing module bd_2613_awni_0
INFO: [VRFC 10-2263] Analyzing SystemVerilog file "/home/eciftci/Vivado_Projects/micro/micro.ip_user_files/bd/microblazev/ip/microblazev_axi_smc_0/bd_0/ip/ip_15/sim/bd_2613_wni_0.sv" into library xil_defaultlib
INFO: [VRFC 10-311] analyzing module bd_2613_wni_0
INFO: [VRFC 10-2263] Analyzing SystemVerilog file "/home/eciftci/Vivado_Projects/micro/micro.ip_user_files/bd/microblazev/ip/microblazev_axi_smc_0/bd_0/ip/ip_16/sim/bd_2613_bni_0.sv" into library xil_defaultlib
INFO: [VRFC 10-311] analyzing module bd_2613_bni_0
INFO: [VRFC 10-2263] Analyzing SystemVerilog file "/home/eciftci/Vivado_Projects/micro/micro.ip_user_files/bd/microblazev/ip/microblazev_axi_smc_0/bd_0/ip/ip_17/sim/bd_2613_s00mmu_0.sv" into library xil_defaultlib
INFO: [VRFC 10-311] analyzing module bd_2613_s00mmu_0
INFO: [VRFC 10-2263] Analyzing SystemVerilog file "/home/eciftci/Vivado_Projects/micro/micro.ip_user_files/bd/microblazev/ip/microblazev_axi_smc_0/bd_0/ip/ip_18/sim/bd_2613_s00tr_0.sv" into library xil_defaultlib
INFO: [VRFC 10-311] analyzing module bd_2613_s00tr_0
INFO: [VRFC 10-2263] Analyzing SystemVerilog file "/home/eciftci/Vivado_Projects/micro/micro.ip_user_files/bd/microblazev/ip/microblazev_axi_smc_0/bd_0/ip/ip_19/sim/bd_2613_s00sic_0.sv" into library xil_defaultlib
INFO: [VRFC 10-311] analyzing module bd_2613_s00sic_0
INFO: [VRFC 10-2263] Analyzing SystemVerilog file "/home/eciftci/Vivado_Projects/micro/micro.ip_user_files/bd/microblazev/ip/microblazev_axi_smc_0/bd_0/ip/ip_20/sim/bd_2613_s00a2s_0.sv" into library xil_defaultlib
INFO: [VRFC 10-311] analyzing module bd_2613_s00a2s_0
INFO: [VRFC 10-2263] Analyzing SystemVerilog file "/home/eciftci/Vivado_Projects/micro/micro.ip_user_files/bd/microblazev/ip/microblazev_axi_smc_0/bd_0/ip/ip_21/sim/bd_2613_sarn_0.sv" into library xil_defaultlib
INFO: [VRFC 10-311] analyzing module bd_2613_sarn_0
INFO: [VRFC 10-2263] Analyzing SystemVerilog file "/home/eciftci/Vivado_Projects/micro/micro.ip_user_files/bd/microblazev/ip/microblazev_axi_smc_0/bd_0/ip/ip_22/sim/bd_2613_srn_0.sv" into library xil_defaultlib
INFO: [VRFC 10-311] analyzing module bd_2613_srn_0
INFO: [VRFC 10-2263] Analyzing SystemVerilog file "/home/eciftci/Vivado_Projects/micro/micro.ip_user_files/bd/microblazev/ip/microblazev_axi_smc_0/bd_0/ip/ip_23/sim/bd_2613_sawn_0.sv" into library xil_defaultlib
INFO: [VRFC 10-311] analyzing module bd_2613_sawn_0
INFO: [VRFC 10-2263] Analyzing SystemVerilog file "/home/eciftci/Vivado_Projects/micro/micro.ip_user_files/bd/microblazev/ip/microblazev_axi_smc_0/bd_0/ip/ip_24/sim/bd_2613_swn_0.sv" into library xil_defaultlib
INFO: [VRFC 10-311] analyzing module bd_2613_swn_0
INFO: [VRFC 10-2263] Analyzing SystemVerilog file "/home/eciftci/Vivado_Projects/micro/micro.ip_user_files/bd/microblazev/ip/microblazev_axi_smc_0/bd_0/ip/ip_25/sim/bd_2613_sbn_0.sv" into library xil_defaultlib
INFO: [VRFC 10-311] analyzing module bd_2613_sbn_0
INFO: [VRFC 10-2263] Analyzing SystemVerilog file "/home/eciftci/Vivado_Projects/micro/micro.ip_user_files/bd/microblazev/ip/microblazev_axi_smc_0/bd_0/ip/ip_26/sim/bd_2613_m00s2a_0.sv" into library xil_defaultlib
INFO: [VRFC 10-311] analyzing module bd_2613_m00s2a_0
INFO: [VRFC 10-2263] Analyzing SystemVerilog file "/home/eciftci/Vivado_Projects/micro/micro.ip_user_files/bd/microblazev/ip/microblazev_axi_smc_0/bd_0/ip/ip_27/sim/bd_2613_m00arn_0.sv" into library xil_defaultlib
INFO: [VRFC 10-311] analyzing module bd_2613_m00arn_0
INFO: [VRFC 10-2263] Analyzing SystemVerilog file "/home/eciftci/Vivado_Projects/micro/micro.ip_user_files/bd/microblazev/ip/microblazev_axi_smc_0/bd_0/ip/ip_28/sim/bd_2613_m00rn_0.sv" into library xil_defaultlib
INFO: [VRFC 10-311] analyzing module bd_2613_m00rn_0
INFO: [VRFC 10-2263] Analyzing SystemVerilog file "/home/eciftci/Vivado_Projects/micro/micro.ip_user_files/bd/microblazev/ip/microblazev_axi_smc_0/bd_0/ip/ip_29/sim/bd_2613_m00awn_0.sv" into library xil_defaultlib
INFO: [VRFC 10-311] analyzing module bd_2613_m00awn_0
INFO: [VRFC 10-2263] Analyzing SystemVerilog file "/home/eciftci/Vivado_Projects/micro/micro.ip_user_files/bd/microblazev/ip/microblazev_axi_smc_0/bd_0/ip/ip_30/sim/bd_2613_m00wn_0.sv" into library xil_defaultlib
INFO: [VRFC 10-311] analyzing module bd_2613_m00wn_0
INFO: [VRFC 10-2263] Analyzing SystemVerilog file "/home/eciftci/Vivado_Projects/micro/micro.ip_user_files/bd/microblazev/ip/microblazev_axi_smc_0/bd_0/ip/ip_31/sim/bd_2613_m00bn_0.sv" into library xil_defaultlib
INFO: [VRFC 10-311] analyzing module bd_2613_m00bn_0
INFO: [VRFC 10-2263] Analyzing SystemVerilog file "/home/eciftci/Vivado_Projects/micro/micro.ip_user_files/bd/microblazev/ip/microblazev_axi_smc_0/bd_0/ip/ip_32/sim/bd_2613_m00e_0.sv" into library xil_defaultlib
INFO: [VRFC 10-311] analyzing module bd_2613_m00e_0
INFO: [VRFC 10-2263] Analyzing SystemVerilog file "/home/eciftci/Vivado_Projects/micro/micro.ip_user_files/bd/microblazev/ip/microblazev_axi_smc_0/bd_0/ip/ip_33/sim/bd_2613_m01s2a_0.sv" into library xil_defaultlib
INFO: [VRFC 10-311] analyzing module bd_2613_m01s2a_0
INFO: [VRFC 10-2263] Analyzing SystemVerilog file "/home/eciftci/Vivado_Projects/micro/micro.ip_user_files/bd/microblazev/ip/microblazev_axi_smc_0/bd_0/ip/ip_34/sim/bd_2613_m01arn_0.sv" into library xil_defaultlib
INFO: [VRFC 10-311] analyzing module bd_2613_m01arn_0
INFO: [VRFC 10-2263] Analyzing SystemVerilog file "/home/eciftci/Vivado_Projects/micro/micro.ip_user_files/bd/microblazev/ip/microblazev_axi_smc_0/bd_0/ip/ip_35/sim/bd_2613_m01rn_0.sv" into library xil_defaultlib
INFO: [VRFC 10-311] analyzing module bd_2613_m01rn_0
INFO: [VRFC 10-2263] Analyzing SystemVerilog file "/home/eciftci/Vivado_Projects/micro/micro.ip_user_files/bd/microblazev/ip/microblazev_axi_smc_0/bd_0/ip/ip_36/sim/bd_2613_m01awn_0.sv" into library xil_defaultlib
INFO: [VRFC 10-311] analyzing module bd_2613_m01awn_0
INFO: [VRFC 10-2263] Analyzing SystemVerilog file "/home/eciftci/Vivado_Projects/micro/micro.ip_user_files/bd/microblazev/ip/microblazev_axi_smc_0/bd_0/ip/ip_37/sim/bd_2613_m01wn_0.sv" into library xil_defaultlib
INFO: [VRFC 10-311] analyzing module bd_2613_m01wn_0
INFO: [VRFC 10-2263] Analyzing SystemVerilog file "/home/eciftci/Vivado_Projects/micro/micro.ip_user_files/bd/microblazev/ip/microblazev_axi_smc_0/bd_0/ip/ip_38/sim/bd_2613_m01bn_0.sv" into library xil_defaultlib
INFO: [VRFC 10-311] analyzing module bd_2613_m01bn_0
INFO: [VRFC 10-2263] Analyzing SystemVerilog file "/home/eciftci/Vivado_Projects/micro/micro.ip_user_files/bd/microblazev/ip/microblazev_axi_smc_0/bd_0/ip/ip_39/sim/bd_2613_m01e_0.sv" into library xil_defaultlib
INFO: [VRFC 10-311] analyzing module bd_2613_m01e_0
INFO: [VRFC 10-2263] Analyzing SystemVerilog file "/home/eciftci/Vivado_Projects/micro/micro.ip_user_files/bd/microblazev/ip/microblazev_axi_smc_0/bd_0/ip/ip_40/sim/bd_2613_m02s2a_0.sv" into library xil_defaultlib
INFO: [VRFC 10-311] analyzing module bd_2613_m02s2a_0
INFO: [VRFC 10-2263] Analyzing SystemVerilog file "/home/eciftci/Vivado_Projects/micro/micro.ip_user_files/bd/microblazev/ip/microblazev_axi_smc_0/bd_0/ip/ip_41/sim/bd_2613_m02arn_0.sv" into library xil_defaultlib
INFO: [VRFC 10-311] analyzing module bd_2613_m02arn_0
INFO: [VRFC 10-2263] Analyzing SystemVerilog file "/home/eciftci/Vivado_Projects/micro/micro.ip_user_files/bd/microblazev/ip/microblazev_axi_smc_0/bd_0/ip/ip_42/sim/bd_2613_m02rn_0.sv" into library xil_defaultlib
INFO: [VRFC 10-311] analyzing module bd_2613_m02rn_0
INFO: [VRFC 10-2263] Analyzing SystemVerilog file "/home/eciftci/Vivado_Projects/micro/micro.ip_user_files/bd/microblazev/ip/microblazev_axi_smc_0/bd_0/ip/ip_43/sim/bd_2613_m02awn_0.sv" into library xil_defaultlib
INFO: [VRFC 10-311] analyzing module bd_2613_m02awn_0
INFO: [VRFC 10-2263] Analyzing SystemVerilog file "/home/eciftci/Vivado_Projects/micro/micro.ip_user_files/bd/microblazev/ip/microblazev_axi_smc_0/bd_0/ip/ip_44/sim/bd_2613_m02wn_0.sv" into library xil_defaultlib
INFO: [VRFC 10-311] analyzing module bd_2613_m02wn_0
INFO: [VRFC 10-2263] Analyzing SystemVerilog file "/home/eciftci/Vivado_Projects/micro/micro.ip_user_files/bd/microblazev/ip/microblazev_axi_smc_0/bd_0/ip/ip_45/sim/bd_2613_m02bn_0.sv" into library xil_defaultlib
INFO: [VRFC 10-311] analyzing module bd_2613_m02bn_0
INFO: [VRFC 10-2263] Analyzing SystemVerilog file "/home/eciftci/Vivado_Projects/micro/micro.ip_user_files/bd/microblazev/ip/microblazev_axi_smc_0/bd_0/ip/ip_46/sim/bd_2613_m02e_0.sv" into library xil_defaultlib
INFO: [VRFC 10-311] analyzing module bd_2613_m02e_0
INFO: [VRFC 10-2263] Analyzing SystemVerilog file "/home/eciftci/Vivado_Projects/micro/micro.ip_user_files/bd/microblazev/ip/microblazev_axi_smc_0/bd_0/ip/ip_47/sim/bd_2613_m03s2a_0.sv" into library xil_defaultlib
INFO: [VRFC 10-311] analyzing module bd_2613_m03s2a_0
INFO: [VRFC 10-2263] Analyzing SystemVerilog file "/home/eciftci/Vivado_Projects/micro/micro.ip_user_files/bd/microblazev/ip/microblazev_axi_smc_0/bd_0/ip/ip_48/sim/bd_2613_m03arn_0.sv" into library xil_defaultlib
INFO: [VRFC 10-311] analyzing module bd_2613_m03arn_0
INFO: [VRFC 10-2263] Analyzing SystemVerilog file "/home/eciftci/Vivado_Projects/micro/micro.ip_user_files/bd/microblazev/ip/microblazev_axi_smc_0/bd_0/ip/ip_49/sim/bd_2613_m03rn_0.sv" into library xil_defaultlib
INFO: [VRFC 10-311] analyzing module bd_2613_m03rn_0
INFO: [VRFC 10-2263] Analyzing SystemVerilog file "/home/eciftci/Vivado_Projects/micro/micro.ip_user_files/bd/microblazev/ip/microblazev_axi_smc_0/bd_0/ip/ip_50/sim/bd_2613_m03awn_0.sv" into library xil_defaultlib
INFO: [VRFC 10-311] analyzing module bd_2613_m03awn_0
INFO: [VRFC 10-2263] Analyzing SystemVerilog file "/home/eciftci/Vivado_Projects/micro/micro.ip_user_files/bd/microblazev/ip/microblazev_axi_smc_0/bd_0/ip/ip_51/sim/bd_2613_m03wn_0.sv" into library xil_defaultlib
INFO: [VRFC 10-311] analyzing module bd_2613_m03wn_0
INFO: [VRFC 10-2263] Analyzing SystemVerilog file "/home/eciftci/Vivado_Projects/micro/micro.ip_user_files/bd/microblazev/ip/microblazev_axi_smc_0/bd_0/ip/ip_52/sim/bd_2613_m03bn_0.sv" into library xil_defaultlib
INFO: [VRFC 10-311] analyzing module bd_2613_m03bn_0
INFO: [VRFC 10-2263] Analyzing SystemVerilog file "/home/eciftci/Vivado_Projects/micro/micro.ip_user_files/bd/microblazev/ip/microblazev_axi_smc_0/bd_0/ip/ip_53/sim/bd_2613_m03e_0.sv" into library xil_defaultlib
INFO: [VRFC 10-311] analyzing module bd_2613_m03e_0
INFO: [VRFC 10-2263] Analyzing Verilog file "/home/eciftci/Vivado_Projects/micro/micro.ip_user_files/bd/microblazev/ip/microblazev_axi_smc_0/bd_0/sim/bd_2613.v" into library xil_defaultlib
INFO: [VRFC 10-311] analyzing module bd_2613
INFO: [VRFC 10-311] analyzing module clk_map_imp_BDC4IE
INFO: [VRFC 10-311] analyzing module i_nodes_imp_1SO64AG
INFO: [VRFC 10-311] analyzing module m00_exit_pipeline_imp_1LT09HP
INFO: [VRFC 10-311] analyzing module m00_nodes_imp_ZMBORL
INFO: [VRFC 10-311] analyzing module m01_exit_pipeline_imp_1JCNLQL
INFO: [VRFC 10-311] analyzing module m01_nodes_imp_860SBB
INFO: [VRFC 10-311] analyzing module m02_exit_pipeline_imp_1YHC77X
INFO: [VRFC 10-311] analyzing module m02_nodes_imp_QXGPZG
INFO: [VRFC 10-311] analyzing module m03_exit_pipeline_imp_1SP53YL
INFO: [VRFC 10-311] analyzing module m03_nodes_imp_1XX8262
INFO: [VRFC 10-311] analyzing module s00_entry_pipeline_imp_N5WKJY
INFO: [VRFC 10-311] analyzing module s00_nodes_imp_JMWSUS
INFO: [VRFC 10-311] analyzing module switchboards_imp_CJH3WG
INFO: [VRFC 10-2263] Analyzing Verilog file "/home/eciftci/Vivado_Projects/micro/micro.ip_user_files/bd/microblazev/ip/microblazev_axi_smc_0/sim/microblazev_axi_smc_0.v" into library xil_defaultlib
INFO: [VRFC 10-311] analyzing module microblazev_axi_smc_0
INFO: [VRFC 10-2263] Analyzing Verilog file "/home/eciftci/Vivado_Projects/micro/micro.ip_user_files/bd/microblazev/ip/microblazev_xlconcat_0_0/sim/microblazev_xlconcat_0_0.v" into library xil_defaultlib
INFO: [VRFC 10-311] analyzing module microblazev_xlconcat_0_0
INFO: [VRFC 10-2263] Analyzing Verilog file "/home/eciftci/Vivado_Projects/micro/micro.ip_user_files/bd/microblazev/ipshared/1728/hdl/mytimer_slave_lite_v1_0_S00_AXI.v" into library xil_defaultlib
INFO: [VRFC 10-311] analyzing module mytimer_slave_lite_v1_0_S00_AXI
INFO: [VRFC 10-2263] Analyzing Verilog file "/home/eciftci/Vivado_Projects/micro/micro.ip_user_files/bd/microblazev/ipshared/1728/hdl/mytimer_slave_lite_inter_v1_0_S_AXI_INTR.v" into library xil_defaultlib
INFO: [VRFC 10-311] analyzing module mytimer_slave_lite_inter_v1_0_S_AXI_INTR
INFO: [VRFC 10-2263] Analyzing SystemVerilog file "/home/eciftci/Vivado_Projects/micro/micro.ip_user_files/bd/microblazev/ipshared/1728/src/Timer.sv" into library xil_defaultlib
INFO: [VRFC 10-311] analyzing module Timer
INFO: [VRFC 10-2263] Analyzing Verilog file "/home/eciftci/Vivado_Projects/micro/micro.ip_user_files/bd/microblazev/ipshared/1728/hdl/mytimer.v" into library xil_defaultlib
INFO: [VRFC 10-311] analyzing module mytimer
INFO: [VRFC 10-2263] Analyzing Verilog file "/home/eciftci/Vivado_Projects/micro/micro.ip_user_files/bd/microblazev/ip/microblazev_mytimer_0_1/sim/microblazev_mytimer_0_1.v" into library xil_defaultlib
INFO: [VRFC 10-311] analyzing module microblazev_mytimer_0_1
INFO: [VRFC 10-2263] Analyzing Verilog file "/home/eciftci/Vivado_Projects/micro/micro.ip_user_files/bd/microblazev/sim/microblazev.v" into library xil_defaultlib
INFO: [VRFC 10-311] analyzing module microblaze_riscv_0_local_memory_imp_4V6LXU
INFO: [VRFC 10-311] analyzing module microblazev
INFO: [VRFC 10-2263] Analyzing Verilog file "/home/eciftci/Vivado_Projects/micro/micro.gen/sources_1/bd/microblazev/hdl/microblazev_wrapper.v" into library xil_defaultlib
INFO: [VRFC 10-311] analyzing module microblazev_wrapper
