Copyright 1986-2022 Xilinx, Inc. All Rights Reserved. Copyright 2022-2024 Advanced Micro Devices, Inc. All Rights Reserved.
-------------------------------------------------------------------------------------------------------------------------------------------------------------------------------
| Tool Version     : Vivado v.2024.2.1 (lin64) Build 5266912 Sun Dec 15 09:03:31 MST 2024
| Date             : Mon Feb 24 11:27:36 2025
| Host             : localhost.localdomain running 64-bit unknown
| Command          : report_power -file microblazev_wrapper_power_routed.rpt -pb microblazev_wrapper_power_summary_routed.pb -rpx microblazev_wrapper_power_routed.rpx
| Design           : microblazev_wrapper
| Device           : xc7a100tcsg324-1
| Design State     : routed
| Grade            : commercial
| Process          : typical
| Characterization : Production
-------------------------------------------------------------------------------------------------------------------------------------------------------------------------------

Power Report

Table of Contents
-----------------
1. Summary
1.1 On-Chip Components
1.2 Power Supply Summary
1.3 Confidence Level
2. Settings
2.1 Environment
2.2 Clock Constraints
3. Detailed Reports
3.1 By Hierarchy

1. Summary
----------

+--------------------------+--------------+
| Total On-Chip Power (W)  | 0.235        |
| Design Power Budget (W)  | Unspecified* |
| Power Budget Margin (W)  | NA           |
| Dynamic (W)              | 0.137        |
| Device Static (W)        | 0.098        |
| Effective TJA (C/W)      | 4.6          |
| Max Ambient (C)          | 83.9         |
| Junction Temperature (C) | 26.1         |
| Confidence Level         | Medium       |
| Setting File             | ---          |
| Simulation Activity File | ---          |
| Design Nets Matched      | NA           |
+--------------------------+--------------+
* Specify Design Power Budget using, set_operating_conditions -design_power_budget <value in Watts>


1.1 On-Chip Components
----------------------

+--------------------------+-----------+----------+-----------+-----------------+
| On-Chip                  | Power (W) | Used     | Available | Utilization (%) |
+--------------------------+-----------+----------+-----------+-----------------+
| Clocks                   |     0.019 |        9 |       --- |             --- |
| Slice Logic              |     0.005 |    10099 |       --- |             --- |
|   LUT as Logic           |     0.004 |     3543 |     63400 |            5.59 |
|   LUT as Distributed RAM |    <0.001 |       88 |     19000 |            0.46 |
|   CARRY4                 |    <0.001 |      142 |     15850 |            0.90 |
|   Register               |    <0.001 |     4452 |    126800 |            3.51 |
|   F7/F8 Muxes            |    <0.001 |       37 |     63400 |            0.06 |
|   LUT as Shift Register  |    <0.001 |      122 |     19000 |            0.64 |
|   Others                 |     0.000 |      748 |       --- |             --- |
| Signals                  |     0.006 |     7387 |       --- |             --- |
| Block RAM                |     0.002 |      9.5 |       135 |            7.04 |
| MMCM                     |     0.106 |        1 |         6 |           16.67 |
| I/O                      |    <0.001 |        3 |       210 |            1.43 |
| Static Power             |     0.098 |          |           |                 |
| Total                    |     0.235 |          |           |                 |
+--------------------------+-----------+----------+-----------+-----------------+


1.2 Power Supply Summary
------------------------

+-----------+-------------+-----------+-------------+------------+-------------+-------------+------------+
| Source    | Voltage (V) | Total (A) | Dynamic (A) | Static (A) | Powerup (A) | Budget (A)  | Margin (A) |
+-----------+-------------+-----------+-------------+------------+-------------+-------------+------------+
| Vccint    |       1.000 |     0.047 |       0.031 |      0.016 |       NA    | Unspecified | NA         |
| Vccaux    |       1.800 |     0.077 |       0.059 |      0.018 |       NA    | Unspecified | NA         |
| Vcco33    |       3.300 |     0.004 |       0.000 |      0.004 |       NA    | Unspecified | NA         |
| Vcco25    |       2.500 |     0.000 |       0.000 |      0.000 |       NA    | Unspecified | NA         |
| Vcco18    |       1.800 |     0.000 |       0.000 |      0.000 |       NA    | Unspecified | NA         |
| Vcco15    |       1.500 |     0.000 |       0.000 |      0.000 |       NA    | Unspecified | NA         |
| Vcco135   |       1.350 |     0.000 |       0.000 |      0.000 |       NA    | Unspecified | NA         |
| Vcco12    |       1.200 |     0.000 |       0.000 |      0.000 |       NA    | Unspecified | NA         |
| Vccaux_io |       1.800 |     0.000 |       0.000 |      0.000 |       NA    | Unspecified | NA         |
| Vccbram   |       1.000 |     0.001 |       0.000 |      0.000 |       NA    | Unspecified | NA         |
| MGTAVcc   |       1.000 |     0.000 |       0.000 |      0.000 |       NA    | Unspecified | NA         |
| MGTAVtt   |       1.200 |     0.000 |       0.000 |      0.000 |       NA    | Unspecified | NA         |
| Vccadc    |       1.800 |     0.020 |       0.000 |      0.020 |       NA    | Unspecified | NA         |
+-----------+-------------+-----------+-------------+------------+-------------+-------------+------------+


1.3 Confidence Level
--------------------

+-----------------------------+------------+-------------------------------------------------------+------------------------------------------------------------------------------------------------------------+
| User Input Data             | Confidence | Details                                               | Action                                                                                                     |
+-----------------------------+------------+-------------------------------------------------------+------------------------------------------------------------------------------------------------------------+
| Design implementation state | High       | Design is routed                                      |                                                                                                            |
| Clock nodes activity        | High       | User specified more than 95% of clocks                |                                                                                                            |
| I/O nodes activity          | Medium     | More than 5% of inputs are missing user specification | Provide missing input activity with simulation results or by editing the "By Resource Type -> I/Os" view   |
| Internal nodes activity     | Medium     | User specified less than 25% of internal nodes        | Provide missing internal nodes activity with simulation results or by editing the "By Resource Type" views |
| Device models               | High       | Device models are Production                          |                                                                                                            |
|                             |            |                                                       |                                                                                                            |
| Overall confidence level    | Medium     |                                                       |                                                                                                            |
+-----------------------------+------------+-------------------------------------------------------+------------------------------------------------------------------------------------------------------------+


2. Settings
-----------

2.1 Environment
---------------

+-----------------------+--------------------------+
| Ambient Temp (C)      | 25.0                     |
| ThetaJA (C/W)         | 4.6                      |
| Airflow (LFM)         | 250                      |
| Heat Sink             | medium (Medium Profile)  |
| ThetaSA (C/W)         | 4.6                      |
| Board Selection       | medium (10"x10")         |
| # of Board Layers     | 12to15 (12 to 15 Layers) |
| Board Temperature (C) | 25.0                     |
+-----------------------+--------------------------+


2.2 Clock Constraints
---------------------

+----------------------------------------------------------------------------------------------------+----------------------------------------------------------------------------------------------------+-----------------+
| Clock                                                                                              | Domain                                                                                             | Constraint (ns) |
+----------------------------------------------------------------------------------------------------+----------------------------------------------------------------------------------------------------+-----------------+
| clk_out1_microblazev_clk_wiz_1_0                                                                   | microblazev_i/clk_wiz_1/inst/clk_out1_microblazev_clk_wiz_1_0                                      |            10.0 |
| clkfbout_microblazev_clk_wiz_1_0                                                                   | microblazev_i/clk_wiz_1/inst/clkfbout_microblazev_clk_wiz_1_0                                      |            10.0 |
| dbg_hub/inst/BSCANID.u_xsdbm_id/SWITCH_N_EXT_BSCAN.bscan_inst/SERIES7_BSCAN.bscan_inst/TCK         | dbg_hub/inst/BSCANID.u_xsdbm_id/SWITCH_N_EXT_BSCAN.bscan_inst/TCK                                  |            33.0 |
| microblazev_i/mdm_1/U0/MDM_Core_I1/JTAG_CONTROL_I/Test_Access_Port.BUFG_UPDATE/Using_FPGA.Native/O | microblazev_i/mdm_1/U0/MDM_Core_I1/JTAG_CONTROL_I/Test_Access_Port.BUFG_UPDATE/Using_FPGA.Native_0 |            66.7 |
| microblazev_i/mdm_1/U0/Use_E2.BSCAN_I/Use_E2.BSCANE2_I/TCK                                         | microblazev_i/mdm_1/U0/Use_E2.BSCAN_I/tck                                                          |            33.3 |
| microblazev_i/mdm_1/U0/Use_E2.BSCAN_I/Use_E2.BSCANE2_I/UPDATE                                      | microblazev_i/mdm_1/U0/Use_E2.BSCAN_I/Use_E2.BSCANE2_I_n_9                                         |            33.3 |
| sys_clock                                                                                          | sys_clock                                                                                          |            10.0 |
+----------------------------------------------------------------------------------------------------+----------------------------------------------------------------------------------------------------+-----------------+


3. Detailed Reports
-------------------

3.1 By Hierarchy
----------------

+--------------------------+-----------+
| Name                     | Power (W) |
+--------------------------+-----------+
| microblazev_wrapper      |     0.137 |
|   dbg_hub                |     0.003 |
|     inst                 |     0.003 |
|       BSCANID.u_xsdbm_id |     0.003 |
|   microblazev_i          |     0.134 |
|     axi_smc              |     0.004 |
|       inst               |     0.004 |
|     clk_wiz_1            |     0.106 |
|       inst               |     0.106 |
|     ila_0                |     0.008 |
|       inst               |     0.008 |
|     mdm_1                |     0.001 |
|       U0                 |     0.001 |
|     microblaze_riscv_0   |     0.011 |
|       U0                 |     0.011 |
|     mytimer_0            |     0.002 |
|       inst               |     0.002 |
+--------------------------+-----------+


