INFO: [VRFC 10-2263] Analyzing Verilog file "/home/eciftci/Vivado_Projects/micro/micro.sim/sim_1/impl/func/xsim/microblazev_wrapper_func_impl.v" into library xil_defaultlib
INFO: [VRFC 10-311] analyzing module microblaze_riscv_0_local_memory_imp_4V6LXU
INFO: [VRFC 10-311] analyzing module microblazev
INFO: [VRFC 10-311] analyzing module microblazev_axi_intc_0_0
INFO: [VRFC 10-311] analyzing module microblazev_axi_intc_0_0_address_decoder
INFO: [VRFC 10-311] analyzing module microblazev_axi_intc_0_0_axi_intc
INFO: [VRFC 10-311] analyzing module microblazev_axi_intc_0_0_axi_lite_ipif
INFO: [VRFC 10-311] analyzing module microblazev_axi_intc_0_0_intc_core
INFO: [VRFC 10-311] analyzing module microblazev_axi_intc_0_0_slave_attachment
INFO: [VRFC 10-311] analyzing module microblazev_axi_smc_0
INFO: [VRFC 10-311] analyzing module microblazev_axi_smc_0_bd_2613
INFO: [VRFC 10-311] analyzing module microblazev_axi_smc_0_bd_2613_arinsw_0
INFO: [VRFC 10-311] analyzing module microblazev_axi_smc_0_bd_2613_arni_0
INFO: [VRFC 10-311] analyzing module microblazev_axi_smc_0_bd_2613_aroutsw_0
INFO: [VRFC 10-311] analyzing module microblazev_axi_smc_0_bd_2613_awinsw_0
INFO: [VRFC 10-311] analyzing module microblazev_axi_smc_0_bd_2613_awni_0
INFO: [VRFC 10-311] analyzing module microblazev_axi_smc_0_bd_2613_awoutsw_0
INFO: [VRFC 10-311] analyzing module microblazev_axi_smc_0_bd_2613_binsw_0
INFO: [VRFC 10-311] analyzing module microblazev_axi_smc_0_bd_2613_bni_0
INFO: [VRFC 10-311] analyzing module microblazev_axi_smc_0_bd_2613_boutsw_0
INFO: [VRFC 10-311] analyzing module microblazev_axi_smc_0_bd_2613_m00arn_0
INFO: [VRFC 10-311] analyzing module microblazev_axi_smc_0_bd_2613_m00awn_0
INFO: [VRFC 10-311] analyzing module microblazev_axi_smc_0_bd_2613_m00bn_0
INFO: [VRFC 10-311] analyzing module microblazev_axi_smc_0_bd_2613_m00e_0
INFO: [VRFC 10-311] analyzing module microblazev_axi_smc_0_bd_2613_m00rn_0
INFO: [VRFC 10-311] analyzing module microblazev_axi_smc_0_bd_2613_m00s2a_0
INFO: [VRFC 10-311] analyzing module microblazev_axi_smc_0_bd_2613_m00wn_0
INFO: [VRFC 10-311] analyzing module microblazev_axi_smc_0_bd_2613_m01arn_0
INFO: [VRFC 10-311] analyzing module microblazev_axi_smc_0_bd_2613_m01awn_0
INFO: [VRFC 10-311] analyzing module microblazev_axi_smc_0_bd_2613_m01bn_0
INFO: [VRFC 10-311] analyzing module microblazev_axi_smc_0_bd_2613_m01e_0
INFO: [VRFC 10-311] analyzing module microblazev_axi_smc_0_bd_2613_m01rn_0
INFO: [VRFC 10-311] analyzing module microblazev_axi_smc_0_bd_2613_m01s2a_0
INFO: [VRFC 10-311] analyzing module microblazev_axi_smc_0_bd_2613_m01wn_0
INFO: [VRFC 10-311] analyzing module microblazev_axi_smc_0_bd_2613_m02arn_0
INFO: [VRFC 10-311] analyzing module microblazev_axi_smc_0_bd_2613_m02awn_0
INFO: [VRFC 10-311] analyzing module microblazev_axi_smc_0_bd_2613_m02bn_0
INFO: [VRFC 10-311] analyzing module microblazev_axi_smc_0_bd_2613_m02e_0
INFO: [VRFC 10-311] analyzing module microblazev_axi_smc_0_bd_2613_m02rn_0
INFO: [VRFC 10-311] analyzing module microblazev_axi_smc_0_bd_2613_m02s2a_0
INFO: [VRFC 10-311] analyzing module microblazev_axi_smc_0_bd_2613_m02wn_0
INFO: [VRFC 10-311] analyzing module microblazev_axi_smc_0_bd_2613_m03arn_0
INFO: [VRFC 10-311] analyzing module microblazev_axi_smc_0_bd_2613_m03awn_0
INFO: [VRFC 10-311] analyzing module microblazev_axi_smc_0_bd_2613_m03bn_0
INFO: [VRFC 10-311] analyzing module microblazev_axi_smc_0_bd_2613_m03e_0
INFO: [VRFC 10-311] analyzing module microblazev_axi_smc_0_bd_2613_m03rn_0
INFO: [VRFC 10-311] analyzing module microblazev_axi_smc_0_bd_2613_m03s2a_0
INFO: [VRFC 10-311] analyzing module microblazev_axi_smc_0_bd_2613_m03wn_0
INFO: [VRFC 10-311] analyzing module microblazev_axi_smc_0_bd_2613_psr_aclk_0
INFO: [VRFC 10-311] analyzing module microblazev_axi_smc_0_bd_2613_rinsw_0
INFO: [VRFC 10-311] analyzing module microblazev_axi_smc_0_bd_2613_rni_0
INFO: [VRFC 10-311] analyzing module microblazev_axi_smc_0_bd_2613_routsw_0
INFO: [VRFC 10-311] analyzing module microblazev_axi_smc_0_bd_2613_s00a2s_0
INFO: [VRFC 10-311] analyzing module microblazev_axi_smc_0_bd_2613_s00mmu_0
INFO: [VRFC 10-311] analyzing module microblazev_axi_smc_0_bd_2613_s00sic_0
INFO: [VRFC 10-311] analyzing module microblazev_axi_smc_0_bd_2613_s00tr_0
INFO: [VRFC 10-311] analyzing module microblazev_axi_smc_0_bd_2613_sarn_0
INFO: [VRFC 10-311] analyzing module microblazev_axi_smc_0_bd_2613_sawn_0
INFO: [VRFC 10-311] analyzing module microblazev_axi_smc_0_bd_2613_sbn_0
INFO: [VRFC 10-311] analyzing module microblazev_axi_smc_0_bd_2613_srn_0
INFO: [VRFC 10-311] analyzing module microblazev_axi_smc_0_bd_2613_swn_0
INFO: [VRFC 10-311] analyzing module microblazev_axi_smc_0_bd_2613_winsw_0
INFO: [VRFC 10-311] analyzing module microblazev_axi_smc_0_bd_2613_wni_0
INFO: [VRFC 10-311] analyzing module microblazev_axi_smc_0_bd_2613_woutsw_0
INFO: [VRFC 10-311] analyzing module microblazev_axi_smc_0_cdc_sync
INFO: [VRFC 10-311] analyzing module microblazev_axi_smc_0_clk_map_imp_BDC4IE
INFO: [VRFC 10-311] analyzing module microblazev_axi_smc_0_i_nodes_imp_1SO64AG
INFO: [VRFC 10-311] analyzing module microblazev_axi_smc_0_lpf
INFO: [VRFC 10-311] analyzing module microblazev_axi_smc_0_m00_exit_pipeline_imp_1LT09HP
INFO: [VRFC 10-311] analyzing module microblazev_axi_smc_0_m00_nodes_imp_ZMBORL
INFO: [VRFC 10-311] analyzing module microblazev_axi_smc_0_m01_exit_pipeline_imp_1JCNLQL
INFO: [VRFC 10-311] analyzing module microblazev_axi_smc_0_m01_nodes_imp_860SBB
INFO: [VRFC 10-311] analyzing module microblazev_axi_smc_0_m02_exit_pipeline_imp_1YHC77X
INFO: [VRFC 10-311] analyzing module microblazev_axi_smc_0_m02_nodes_imp_QXGPZG
INFO: [VRFC 10-311] analyzing module microblazev_axi_smc_0_m03_exit_pipeline_imp_1SP53YL
INFO: [VRFC 10-311] analyzing module microblazev_axi_smc_0_m03_nodes_imp_1XX8262
INFO: [VRFC 10-311] analyzing module microblazev_axi_smc_0_proc_sys_reset
INFO: [VRFC 10-311] analyzing module microblazev_axi_smc_0_s00_entry_pipeline_imp_N5WKJY
INFO: [VRFC 10-311] analyzing module microblazev_axi_smc_0_s00_nodes_imp_JMWSUS
INFO: [VRFC 10-311] analyzing module microblazev_axi_smc_0_sequence_psr
INFO: [VRFC 10-311] analyzing module microblazev_axi_smc_0_switchboards_imp_CJH3WG
INFO: [VRFC 10-311] analyzing module microblazev_axi_smc_0_upcnt_n
INFO: [VRFC 10-311] analyzing module microblazev_axi_smc_0_xpm_cdc_async_rst
INFO: [VRFC 10-311] analyzing module microblazev_axi_smc_0_xpm_cdc_async_rst__17
INFO: [VRFC 10-311] analyzing module microblazev_axi_smc_0_xpm_cdc_async_rst__18
INFO: [VRFC 10-311] analyzing module microblazev_axi_smc_0_xpm_cdc_async_rst__19
INFO: [VRFC 10-311] analyzing module microblazev_axi_smc_0_xpm_cdc_async_rst__20
INFO: [VRFC 10-311] analyzing module microblazev_axi_smc_0_xpm_cdc_async_rst__22
INFO: [VRFC 10-311] analyzing module microblazev_axi_smc_0_xpm_cdc_async_rst__24
INFO: [VRFC 10-311] analyzing module microblazev_axi_smc_0_xpm_cdc_async_rst__26
INFO: [VRFC 10-311] analyzing module microblazev_axi_smc_0_xpm_cdc_async_rst__28
INFO: [VRFC 10-311] analyzing module microblazev_axi_smc_0_xpm_cdc_async_rst__30
INFO: [VRFC 10-311] analyzing module microblazev_axi_smc_0_xpm_cdc_async_rst__32
INFO: [VRFC 10-311] analyzing module microblazev_axi_smc_0_xpm_cdc_async_rst__34
INFO: [VRFC 10-311] analyzing module microblazev_axi_smc_0_xpm_cdc_async_rst__36
INFO: [VRFC 10-311] analyzing module microblazev_axi_smc_0_xpm_cdc_async_rst__38
INFO: [VRFC 10-311] analyzing module microblazev_axi_smc_0_xpm_cdc_async_rst__40
INFO: [VRFC 10-311] analyzing module microblazev_axi_smc_0_xpm_cdc_async_rst__42
INFO: [VRFC 10-311] analyzing module microblazev_axi_smc_0_xpm_cdc_async_rst__44
INFO: [VRFC 10-311] analyzing module microblazev_axi_smc_0_xpm_cdc_async_rst__46
INFO: [VRFC 10-311] analyzing module microblazev_axi_smc_0_xpm_cdc_async_rst__48
INFO: [VRFC 10-311] analyzing module microblazev_axi_smc_0_xpm_cdc_async_rst__50
INFO: [VRFC 10-311] analyzing module microblazev_axi_smc_0_xpm_cdc_async_rst__51
INFO: [VRFC 10-311] analyzing module microblazev_axi_smc_0_xpm_cdc_async_rst__53
INFO: [VRFC 10-311] analyzing module microblazev_axi_smc_0_xpm_cdc_async_rst__55
INFO: [VRFC 10-311] analyzing module microblazev_axi_smc_0_xpm_cdc_async_rst__57
INFO: [VRFC 10-311] analyzing module microblazev_axi_smc_0_xpm_cdc_async_rst__59
INFO: [VRFC 10-311] analyzing module microblazev_axi_smc_0_xpm_cdc_async_rst__61
INFO: [VRFC 10-311] analyzing module microblazev_axi_smc_0_xpm_cdc_async_rst__62
INFO: [VRFC 10-311] analyzing module microblazev_axi_smc_0_xpm_cdc_async_rst__64
INFO: [VRFC 10-311] analyzing module microblazev_axi_smc_0_xpm_cdc_async_rst__66
INFO: [VRFC 10-311] analyzing module microblazev_axi_smc_0_xpm_cdc_async_rst__68
INFO: [VRFC 10-311] analyzing module microblazev_axi_smc_0_xpm_cdc_async_rst__70
INFO: [VRFC 10-311] analyzing module microblazev_axi_smc_0_xpm_cdc_async_rst__72
INFO: [VRFC 10-311] analyzing module microblazev_axi_smc_0_xpm_cdc_async_rst__73
INFO: [VRFC 10-311] analyzing module microblazev_axi_smc_0_xpm_cdc_async_rst__75
INFO: [VRFC 10-311] analyzing module microblazev_axi_smc_0_xpm_cdc_async_rst__77
INFO: [VRFC 10-311] analyzing module microblazev_axi_smc_0_xpm_cdc_async_rst__79
INFO: [VRFC 10-311] analyzing module microblazev_axi_smc_0_xpm_cdc_async_rst__81
INFO: [VRFC 10-311] analyzing module microblazev_axi_uartlite_0_0
INFO: [VRFC 10-311] analyzing module microblazev_axi_uartlite_0_0_address_decoder
INFO: [VRFC 10-311] analyzing module microblazev_axi_uartlite_0_0_axi_lite_ipif
INFO: [VRFC 10-311] analyzing module microblazev_axi_uartlite_0_0_axi_uartlite
INFO: [VRFC 10-311] analyzing module microblazev_axi_uartlite_0_0_baudrate
INFO: [VRFC 10-311] analyzing module microblazev_axi_uartlite_0_0_cdc_sync
INFO: [VRFC 10-311] analyzing module microblazev_axi_uartlite_0_0_cntr_incr_decr_addn_f
INFO: [VRFC 10-311] analyzing module microblazev_axi_uartlite_0_0_cntr_incr_decr_addn_f_2
INFO: [VRFC 10-311] analyzing module microblazev_axi_uartlite_0_0_dynshreg_f
INFO: [VRFC 10-311] analyzing module microblazev_axi_uartlite_0_0_dynshreg_f_3
INFO: [VRFC 10-311] analyzing module microblazev_axi_uartlite_0_0_pselect_f
INFO: [VRFC 10-311] analyzing module microblazev_axi_uartlite_0_0_pselect_f__parameterized1
INFO: [VRFC 10-311] analyzing module microblazev_axi_uartlite_0_0_slave_attachment
INFO: [VRFC 10-311] analyzing module microblazev_axi_uartlite_0_0_srl_fifo_f
INFO: [VRFC 10-311] analyzing module microblazev_axi_uartlite_0_0_srl_fifo_f_0
INFO: [VRFC 10-311] analyzing module microblazev_axi_uartlite_0_0_srl_fifo_rbu_f
INFO: [VRFC 10-311] analyzing module microblazev_axi_uartlite_0_0_srl_fifo_rbu_f_1
INFO: [VRFC 10-311] analyzing module microblazev_axi_uartlite_0_0_uartlite_core
INFO: [VRFC 10-311] analyzing module microblazev_axi_uartlite_0_0_uartlite_rx
INFO: [VRFC 10-311] analyzing module microblazev_axi_uartlite_0_0_uartlite_tx
INFO: [VRFC 10-311] analyzing module microblazev_clk_wiz_1_0
INFO: [VRFC 10-311] analyzing module microblazev_clk_wiz_1_0_clk_wiz
INFO: [VRFC 10-311] analyzing module microblazev_dlmb_bram_if_cntlr_0
INFO: [VRFC 10-311] analyzing module microblazev_dlmb_bram_if_cntlr_0_lmb_bram_if_cntlr
INFO: [VRFC 10-311] analyzing module microblazev_dlmb_v10_0
INFO: [VRFC 10-311] analyzing module microblazev_dlmb_v10_0_lmb_v10
INFO: [VRFC 10-311] analyzing module microblazev_ilmb_bram_if_cntlr_0
INFO: [VRFC 10-311] analyzing module microblazev_ilmb_bram_if_cntlr_0_lmb_bram_if_cntlr
INFO: [VRFC 10-311] analyzing module microblazev_ilmb_v10_0
INFO: [VRFC 10-311] analyzing module microblazev_ilmb_v10_0_lmb_v10
INFO: [VRFC 10-311] analyzing module microblazev_lmb_bram_0
INFO: [VRFC 10-311] analyzing module microblazev_mdm_1_0
INFO: [VRFC 10-311] analyzing module microblazev_mdm_1_0_JTAG_CONTROL
INFO: [VRFC 10-311] analyzing module microblazev_mdm_1_0_MB_BSCANE2
INFO: [VRFC 10-311] analyzing module microblazev_mdm_1_0_MB_BUFG
INFO: [VRFC 10-311] analyzing module microblazev_mdm_1_0_MB_BUFGCE_1
INFO: [VRFC 10-311] analyzing module microblazev_mdm_1_0_MB_BUFGCE_1_0
INFO: [VRFC 10-311] analyzing module microblazev_mdm_1_0_MB_LUT1
INFO: [VRFC 10-311] analyzing module microblazev_mdm_1_0_MDM_Core
INFO: [VRFC 10-311] analyzing module microblazev_mdm_1_0_MDM_RISCV
INFO: [VRFC 10-311] analyzing module microblazev_microblaze_riscv_0_0
INFO: [VRFC 10-311] analyzing module microblazev_mytimer_0_1
INFO: [VRFC 10-311] analyzing module microblazev_mytimer_0_1_Timer
INFO: [VRFC 10-311] analyzing module microblazev_mytimer_0_1_mytimer
INFO: [VRFC 10-311] analyzing module microblazev_mytimer_0_1_mytimer_slave_lite_inter_v1_0_S_AXI_INTR
INFO: [VRFC 10-311] analyzing module microblazev_mytimer_0_1_mytimer_slave_lite_v1_0_S00_AXI
INFO: [VRFC 10-311] analyzing module microblazev_rst_clk_wiz_1_100M_0
INFO: [VRFC 10-311] analyzing module microblazev_rst_clk_wiz_1_100M_0_cdc_sync
INFO: [VRFC 10-311] analyzing module microblazev_rst_clk_wiz_1_100M_0_cdc_sync_0
INFO: [VRFC 10-311] analyzing module microblazev_rst_clk_wiz_1_100M_0_lpf
INFO: [VRFC 10-311] analyzing module microblazev_rst_clk_wiz_1_100M_0_proc_sys_reset
INFO: [VRFC 10-311] analyzing module microblazev_rst_clk_wiz_1_100M_0_sequence_psr
INFO: [VRFC 10-311] analyzing module microblazev_rst_clk_wiz_1_100M_0_upcnt_n
INFO: [VRFC 10-311] analyzing module microblazev_wrapper
INFO: [VRFC 10-311] analyzing module microblazev_xlconcat_0_0
INFO: [VRFC 10-311] analyzing module microblazev_axi_smc_0_sc_axi2sc_v1_0_10_top
INFO: [VRFC 10-311] analyzing module microblazev_axi_smc_0_sc_exit_v1_0_16_exit
INFO: [VRFC 10-311] analyzing module microblazev_axi_smc_0_sc_exit_v1_0_16_exit__parameterized0
INFO: [VRFC 10-311] analyzing module microblazev_axi_smc_0_sc_exit_v1_0_16_exit__parameterized1
INFO: [VRFC 10-311] analyzing module microblazev_axi_smc_0_sc_exit_v1_0_16_exit__parameterized1_22
INFO: [VRFC 10-311] analyzing module microblazev_axi_smc_0_sc_exit_v1_0_16_top
INFO: [VRFC 10-311] analyzing module microblazev_axi_smc_0_sc_exit_v1_0_16_top__parameterized0
INFO: [VRFC 10-311] analyzing module microblazev_axi_smc_0_sc_exit_v1_0_16_top__parameterized1
INFO: [VRFC 10-311] analyzing module microblazev_axi_smc_0_sc_exit_v1_0_16_top__parameterized1__xdcDup__1
INFO: [VRFC 10-311] analyzing module microblazev_axi_smc_0_sc_mmu_v1_0_14_decerr_slave
INFO: [VRFC 10-311] analyzing module microblazev_axi_smc_0_sc_mmu_v1_0_14_top
INFO: [VRFC 10-311] analyzing module microblazev_axi_smc_0_sc_node_v1_0_17_arb_alg_rr
INFO: [VRFC 10-311] analyzing module microblazev_axi_smc_0_sc_node_v1_0_17_arb_alg_rr_4
INFO: [VRFC 10-311] analyzing module microblazev_axi_smc_0_sc_node_v1_0_17_fi_regulator
INFO: [VRFC 10-311] analyzing module microblazev_axi_smc_0_sc_node_v1_0_17_fi_regulator_9
INFO: [VRFC 10-311] analyzing module microblazev_axi_smc_0_sc_node_v1_0_17_fifo
INFO: [VRFC 10-311] analyzing module microblazev_axi_smc_0_sc_node_v1_0_17_fifo_12
INFO: [VRFC 10-311] analyzing module microblazev_axi_smc_0_sc_node_v1_0_17_fifo__parameterized0
INFO: [VRFC 10-311] analyzing module microblazev_axi_smc_0_sc_node_v1_0_17_fifo__parameterized1
INFO: [VRFC 10-311] analyzing module microblazev_axi_smc_0_sc_node_v1_0_17_fifo__parameterized2
INFO: [VRFC 10-311] analyzing module microblazev_axi_smc_0_sc_node_v1_0_17_mi_handler
INFO: [VRFC 10-311] analyzing module microblazev_axi_smc_0_sc_node_v1_0_17_mi_handler_21
INFO: [VRFC 10-311] analyzing module microblazev_axi_smc_0_sc_node_v1_0_17_mi_handler_27
INFO: [VRFC 10-311] analyzing module microblazev_axi_smc_0_sc_node_v1_0_17_mi_handler_32
INFO: [VRFC 10-311] analyzing module microblazev_axi_smc_0_sc_node_v1_0_17_mi_handler__parameterized0
INFO: [VRFC 10-311] analyzing module microblazev_axi_smc_0_sc_node_v1_0_17_mi_handler__parameterized0_20
INFO: [VRFC 10-311] analyzing module microblazev_axi_smc_0_sc_node_v1_0_17_mi_handler__parameterized0_26
INFO: [VRFC 10-311] analyzing module microblazev_axi_smc_0_sc_node_v1_0_17_mi_handler__parameterized0_31
INFO: [VRFC 10-311] analyzing module microblazev_axi_smc_0_sc_node_v1_0_17_mi_handler__parameterized1
INFO: [VRFC 10-311] analyzing module microblazev_axi_smc_0_sc_node_v1_0_17_mi_handler__parameterized10
INFO: [VRFC 10-311] analyzing module microblazev_axi_smc_0_sc_node_v1_0_17_mi_handler__parameterized11
INFO: [VRFC 10-311] analyzing module microblazev_axi_smc_0_sc_node_v1_0_17_mi_handler__parameterized12
INFO: [VRFC 10-311] analyzing module microblazev_axi_smc_0_sc_node_v1_0_17_mi_handler__parameterized13
INFO: [VRFC 10-311] analyzing module microblazev_axi_smc_0_sc_node_v1_0_17_mi_handler__parameterized1_19
INFO: [VRFC 10-311] analyzing module microblazev_axi_smc_0_sc_node_v1_0_17_mi_handler__parameterized1_25
INFO: [VRFC 10-311] analyzing module microblazev_axi_smc_0_sc_node_v1_0_17_mi_handler__parameterized1_30
INFO: [VRFC 10-311] analyzing module microblazev_axi_smc_0_sc_node_v1_0_17_mi_handler__parameterized2
INFO: [VRFC 10-311] analyzing module microblazev_axi_smc_0_sc_node_v1_0_17_mi_handler__parameterized2_18
INFO: [VRFC 10-311] analyzing module microblazev_axi_smc_0_sc_node_v1_0_17_mi_handler__parameterized2_24
INFO: [VRFC 10-311] analyzing module microblazev_axi_smc_0_sc_node_v1_0_17_mi_handler__parameterized2_29
INFO: [VRFC 10-311] analyzing module microblazev_axi_smc_0_sc_node_v1_0_17_mi_handler__parameterized3
INFO: [VRFC 10-311] analyzing module microblazev_axi_smc_0_sc_node_v1_0_17_mi_handler__parameterized3_17
INFO: [VRFC 10-311] analyzing module microblazev_axi_smc_0_sc_node_v1_0_17_mi_handler__parameterized3_23
INFO: [VRFC 10-311] analyzing module microblazev_axi_smc_0_sc_node_v1_0_17_mi_handler__parameterized3_28
INFO: [VRFC 10-311] analyzing module microblazev_axi_smc_0_sc_node_v1_0_17_mi_handler__parameterized4
INFO: [VRFC 10-311] analyzing module microblazev_axi_smc_0_sc_node_v1_0_17_mi_handler__parameterized5
INFO: [VRFC 10-311] analyzing module microblazev_axi_smc_0_sc_node_v1_0_17_mi_handler__parameterized6
INFO: [VRFC 10-311] analyzing module microblazev_axi_smc_0_sc_node_v1_0_17_mi_handler__parameterized7
INFO: [VRFC 10-311] analyzing module microblazev_axi_smc_0_sc_node_v1_0_17_mi_handler__parameterized8
INFO: [VRFC 10-311] analyzing module microblazev_axi_smc_0_sc_node_v1_0_17_mi_handler__parameterized9
INFO: [VRFC 10-311] analyzing module microblazev_axi_smc_0_sc_node_v1_0_17_reg_fifo
INFO: [VRFC 10-311] analyzing module microblazev_axi_smc_0_sc_node_v1_0_17_reg_fifo_13
INFO: [VRFC 10-311] analyzing module microblazev_axi_smc_0_sc_node_v1_0_17_reg_fifo__parameterized0
INFO: [VRFC 10-311] analyzing module microblazev_axi_smc_0_sc_node_v1_0_17_reg_fifo__parameterized1
INFO: [VRFC 10-311] analyzing module microblazev_axi_smc_0_sc_node_v1_0_17_reg_fifo__parameterized2
INFO: [VRFC 10-311] analyzing module microblazev_axi_smc_0_sc_node_v1_0_17_si_handler__parameterized6
INFO: [VRFC 10-311] analyzing module microblazev_axi_smc_0_sc_node_v1_0_17_si_handler__parameterized7
INFO: [VRFC 10-311] analyzing module microblazev_axi_smc_0_sc_node_v1_0_17_top
INFO: [VRFC 10-311] analyzing module microblazev_axi_smc_0_sc_node_v1_0_17_top__parameterized0
INFO: [VRFC 10-311] analyzing module microblazev_axi_smc_0_sc_node_v1_0_17_top__parameterized0__xdcDup__1
INFO: [VRFC 10-311] analyzing module microblazev_axi_smc_0_sc_node_v1_0_17_top__parameterized0__xdcDup__2
INFO: [VRFC 10-311] analyzing module microblazev_axi_smc_0_sc_node_v1_0_17_top__parameterized0__xdcDup__3
INFO: [VRFC 10-311] analyzing module microblazev_axi_smc_0_sc_node_v1_0_17_top__parameterized1
INFO: [VRFC 10-311] analyzing module microblazev_axi_smc_0_sc_node_v1_0_17_top__parameterized10
INFO: [VRFC 10-311] analyzing module microblazev_axi_smc_0_sc_node_v1_0_17_top__parameterized11
INFO: [VRFC 10-311] analyzing module microblazev_axi_smc_0_sc_node_v1_0_17_top__parameterized12
INFO: [VRFC 10-311] analyzing module microblazev_axi_smc_0_sc_node_v1_0_17_top__parameterized13
INFO: [VRFC 10-311] analyzing module microblazev_axi_smc_0_sc_node_v1_0_17_top__parameterized1__xdcDup__1
INFO: [VRFC 10-311] analyzing module microblazev_axi_smc_0_sc_node_v1_0_17_top__parameterized1__xdcDup__2
INFO: [VRFC 10-311] analyzing module microblazev_axi_smc_0_sc_node_v1_0_17_top__parameterized1__xdcDup__3
INFO: [VRFC 10-311] analyzing module microblazev_axi_smc_0_sc_node_v1_0_17_top__parameterized2
INFO: [VRFC 10-311] analyzing module microblazev_axi_smc_0_sc_node_v1_0_17_top__parameterized2__xdcDup__1
INFO: [VRFC 10-311] analyzing module microblazev_axi_smc_0_sc_node_v1_0_17_top__parameterized2__xdcDup__2
INFO: [VRFC 10-311] analyzing module microblazev_axi_smc_0_sc_node_v1_0_17_top__parameterized2__xdcDup__3
INFO: [VRFC 10-311] analyzing module microblazev_axi_smc_0_sc_node_v1_0_17_top__parameterized3
INFO: [VRFC 10-311] analyzing module microblazev_axi_smc_0_sc_node_v1_0_17_top__parameterized3__xdcDup__1
INFO: [VRFC 10-311] analyzing module microblazev_axi_smc_0_sc_node_v1_0_17_top__parameterized3__xdcDup__2
INFO: [VRFC 10-311] analyzing module microblazev_axi_smc_0_sc_node_v1_0_17_top__parameterized3__xdcDup__3
INFO: [VRFC 10-311] analyzing module microblazev_axi_smc_0_sc_node_v1_0_17_top__parameterized4
INFO: [VRFC 10-311] analyzing module microblazev_axi_smc_0_sc_node_v1_0_17_top__parameterized5
INFO: [VRFC 10-311] analyzing module microblazev_axi_smc_0_sc_node_v1_0_17_top__parameterized6
INFO: [VRFC 10-311] analyzing module microblazev_axi_smc_0_sc_node_v1_0_17_top__parameterized7
INFO: [VRFC 10-311] analyzing module microblazev_axi_smc_0_sc_node_v1_0_17_top__parameterized8
INFO: [VRFC 10-311] analyzing module microblazev_axi_smc_0_sc_node_v1_0_17_top__parameterized9
INFO: [VRFC 10-311] analyzing module microblazev_axi_smc_0_sc_node_v1_0_17_top__xdcDup__1
INFO: [VRFC 10-311] analyzing module microblazev_axi_smc_0_sc_node_v1_0_17_top__xdcDup__2
INFO: [VRFC 10-311] analyzing module microblazev_axi_smc_0_sc_node_v1_0_17_top__xdcDup__3
INFO: [VRFC 10-311] analyzing module microblazev_axi_smc_0_sc_sc2axi_v1_0_10_top
INFO: [VRFC 10-311] analyzing module microblazev_axi_smc_0_sc_sc2axi_v1_0_10_top__parameterized0
INFO: [VRFC 10-311] analyzing module microblazev_axi_smc_0_sc_sc2axi_v1_0_10_top__parameterized1
INFO: [VRFC 10-311] analyzing module microblazev_axi_smc_0_sc_sc2axi_v1_0_10_top__parameterized1__1
INFO: [VRFC 10-311] analyzing module microblazev_axi_smc_0_sc_si_converter_v1_0_14_splitter
INFO: [VRFC 10-311] analyzing module microblazev_axi_smc_0_sc_si_converter_v1_0_14_top
INFO: [VRFC 10-311] analyzing module microblazev_axi_smc_0_sc_switchboard_v1_0_8_top
INFO: [VRFC 10-311] analyzing module microblazev_axi_smc_0_sc_switchboard_v1_0_8_top__1
INFO: [VRFC 10-311] analyzing module microblazev_axi_smc_0_sc_switchboard_v1_0_8_top__parameterized0
INFO: [VRFC 10-311] analyzing module microblazev_axi_smc_0_sc_switchboard_v1_0_8_top__parameterized0__1
INFO: [VRFC 10-311] analyzing module microblazev_axi_smc_0_sc_switchboard_v1_0_8_top__parameterized1
INFO: [VRFC 10-311] analyzing module microblazev_axi_smc_0_sc_switchboard_v1_0_8_top__parameterized2
INFO: [VRFC 10-311] analyzing module microblazev_axi_smc_0_sc_switchboard_v1_0_8_top__parameterized3
INFO: [VRFC 10-311] analyzing module microblazev_axi_smc_0_sc_switchboard_v1_0_8_top__parameterized4
INFO: [VRFC 10-311] analyzing module microblazev_axi_smc_0_sc_switchboard_v1_0_8_top__parameterized5
INFO: [VRFC 10-311] analyzing module microblazev_axi_smc_0_sc_switchboard_v1_0_8_top__parameterized6
INFO: [VRFC 10-311] analyzing module microblazev_axi_smc_0_sc_transaction_regulator_v1_0_11_singleorder
INFO: [VRFC 10-311] analyzing module microblazev_axi_smc_0_sc_transaction_regulator_v1_0_11_singleorder_15
INFO: [VRFC 10-311] analyzing module microblazev_axi_smc_0_sc_transaction_regulator_v1_0_11_top
INFO: [VRFC 10-311] analyzing module microblazev_axi_smc_0_sc_util_v1_0_4_axi_reg_stall__parameterized0
INFO: [VRFC 10-311] analyzing module microblazev_axi_smc_0_sc_util_v1_0_4_axi_reg_stall__parameterized0_16
INFO: [VRFC 10-311] analyzing module microblazev_axi_smc_0_sc_util_v1_0_4_axi_splitter
INFO: [VRFC 10-311] analyzing module microblazev_axi_smc_0_sc_util_v1_0_4_counter__parameterized0
INFO: [VRFC 10-311] analyzing module microblazev_axi_smc_0_sc_util_v1_0_4_counter__parameterized0_10
INFO: [VRFC 10-311] analyzing module microblazev_axi_smc_0_sc_util_v1_0_4_counter__parameterized0_11
INFO: [VRFC 10-311] analyzing module microblazev_axi_smc_0_sc_util_v1_0_4_counter__parameterized0_14
INFO: [VRFC 10-311] analyzing module microblazev_axi_smc_0_sc_util_v1_0_4_counter__parameterized0_3
INFO: [VRFC 10-311] analyzing module microblazev_axi_smc_0_sc_util_v1_0_4_counter__parameterized1
INFO: [VRFC 10-311] analyzing module microblazev_axi_smc_0_sc_util_v1_0_4_counter__parameterized1_0
INFO: [VRFC 10-311] analyzing module microblazev_axi_smc_0_sc_util_v1_0_4_counter__parameterized1_1
INFO: [VRFC 10-311] analyzing module microblazev_axi_smc_0_sc_util_v1_0_4_counter__parameterized1_2
INFO: [VRFC 10-311] analyzing module microblazev_axi_smc_0_sc_util_v1_0_4_counter__parameterized1_5
INFO: [VRFC 10-311] analyzing module microblazev_axi_smc_0_sc_util_v1_0_4_counter__parameterized1_6
INFO: [VRFC 10-311] analyzing module microblazev_axi_smc_0_sc_util_v1_0_4_counter__parameterized1_7
INFO: [VRFC 10-311] analyzing module microblazev_axi_smc_0_sc_util_v1_0_4_counter__parameterized1_8
INFO: [VRFC 10-311] analyzing module microblazev_microblaze_riscv_0_0_Branch_Compare
INFO: [VRFC 10-311] analyzing module microblazev_microblaze_riscv_0_0_MB_FDE
INFO: [VRFC 10-311] analyzing module microblazev_microblaze_riscv_0_0_MB_FDE_51
INFO: [VRFC 10-311] analyzing module microblazev_microblaze_riscv_0_0_MB_FDE_52
INFO: [VRFC 10-311] analyzing module microblazev_microblaze_riscv_0_0_MB_FDE_53
INFO: [VRFC 10-311] analyzing module microblazev_microblaze_riscv_0_0_MB_FDE_54
INFO: [VRFC 10-311] analyzing module microblazev_microblaze_riscv_0_0_MB_FDE_55
INFO: [VRFC 10-311] analyzing module microblazev_microblaze_riscv_0_0_MB_FDE_56
INFO: [VRFC 10-311] analyzing module microblazev_microblaze_riscv_0_0_MB_FDE_57
INFO: [VRFC 10-311] analyzing module microblazev_microblaze_riscv_0_0_MB_FDE_58
INFO: [VRFC 10-311] analyzing module microblazev_microblaze_riscv_0_0_MB_FDE_59
INFO: [VRFC 10-311] analyzing module microblazev_microblaze_riscv_0_0_MB_FDE_60
INFO: [VRFC 10-311] analyzing module microblazev_microblaze_riscv_0_0_MB_FDE_61
INFO: [VRFC 10-311] analyzing module microblazev_microblaze_riscv_0_0_MB_FDE_62
INFO: [VRFC 10-311] analyzing module microblazev_microblaze_riscv_0_0_MB_FDE_63
INFO: [VRFC 10-311] analyzing module microblazev_microblaze_riscv_0_0_MB_FDE_64
INFO: [VRFC 10-311] analyzing module microblazev_microblaze_riscv_0_0_MB_FDE_65
INFO: [VRFC 10-311] analyzing module microblazev_microblaze_riscv_0_0_MB_FDE_66
INFO: [VRFC 10-311] analyzing module microblazev_microblaze_riscv_0_0_MB_FDE_67
INFO: [VRFC 10-311] analyzing module microblazev_microblaze_riscv_0_0_MB_FDE_68
INFO: [VRFC 10-311] analyzing module microblazev_microblaze_riscv_0_0_MB_FDE_69
INFO: [VRFC 10-311] analyzing module microblazev_microblaze_riscv_0_0_MB_FDE_70
INFO: [VRFC 10-311] analyzing module microblazev_microblaze_riscv_0_0_MB_FDE_71
INFO: [VRFC 10-311] analyzing module microblazev_microblaze_riscv_0_0_MB_FDE_72
INFO: [VRFC 10-311] analyzing module microblazev_microblaze_riscv_0_0_MB_FDE_73
INFO: [VRFC 10-311] analyzing module microblazev_microblaze_riscv_0_0_MB_FDE_74
INFO: [VRFC 10-311] analyzing module microblazev_microblaze_riscv_0_0_MB_FDE_75
INFO: [VRFC 10-311] analyzing module microblazev_microblaze_riscv_0_0_MB_FDE_76
INFO: [VRFC 10-311] analyzing module microblazev_microblaze_riscv_0_0_MB_FDE_77
INFO: [VRFC 10-311] analyzing module microblazev_microblaze_riscv_0_0_MB_FDE_78
INFO: [VRFC 10-311] analyzing module microblazev_microblaze_riscv_0_0_MB_FDE_79
INFO: [VRFC 10-311] analyzing module microblazev_microblaze_riscv_0_0_MB_FDE_80
INFO: [VRFC 10-311] analyzing module microblazev_microblaze_riscv_0_0_MB_FDE_81
INFO: [VRFC 10-311] analyzing module microblazev_microblaze_riscv_0_0_MB_FDR
INFO: [VRFC 10-311] analyzing module microblazev_microblaze_riscv_0_0_MB_FDRE
INFO: [VRFC 10-311] analyzing module microblazev_microblaze_riscv_0_0_MB_FDRE_100
INFO: [VRFC 10-311] analyzing module microblazev_microblaze_riscv_0_0_MB_FDRE_101
INFO: [VRFC 10-311] analyzing module microblazev_microblaze_riscv_0_0_MB_FDRE_102
INFO: [VRFC 10-311] analyzing module microblazev_microblaze_riscv_0_0_MB_FDRE_103
INFO: [VRFC 10-311] analyzing module microblazev_microblaze_riscv_0_0_MB_FDRE_358
INFO: [VRFC 10-311] analyzing module microblazev_microblaze_riscv_0_0_MB_FDRE_359
INFO: [VRFC 10-311] analyzing module microblazev_microblaze_riscv_0_0_MB_FDRE_360
INFO: [VRFC 10-311] analyzing module microblazev_microblaze_riscv_0_0_MB_FDRE_361
INFO: [VRFC 10-311] analyzing module microblazev_microblaze_riscv_0_0_MB_FDRE_362
INFO: [VRFC 10-311] analyzing module microblazev_microblaze_riscv_0_0_MB_FDRE_363
INFO: [VRFC 10-311] analyzing module microblazev_microblaze_riscv_0_0_MB_FDRE_364
INFO: [VRFC 10-311] analyzing module microblazev_microblaze_riscv_0_0_MB_FDRE_365
INFO: [VRFC 10-311] analyzing module microblazev_microblaze_riscv_0_0_MB_FDRE_366
INFO: [VRFC 10-311] analyzing module microblazev_microblaze_riscv_0_0_MB_FDRE_367
INFO: [VRFC 10-311] analyzing module microblazev_microblaze_riscv_0_0_MB_FDRE_368
INFO: [VRFC 10-311] analyzing module microblazev_microblaze_riscv_0_0_MB_FDRE_369
INFO: [VRFC 10-311] analyzing module microblazev_microblaze_riscv_0_0_MB_FDRE_370
INFO: [VRFC 10-311] analyzing module microblazev_microblaze_riscv_0_0_MB_FDRE_371
INFO: [VRFC 10-311] analyzing module microblazev_microblaze_riscv_0_0_MB_FDRE_372
INFO: [VRFC 10-311] analyzing module microblazev_microblaze_riscv_0_0_MB_FDRE_373
INFO: [VRFC 10-311] analyzing module microblazev_microblaze_riscv_0_0_MB_FDRE_374
INFO: [VRFC 10-311] analyzing module microblazev_microblaze_riscv_0_0_MB_FDRE_375
INFO: [VRFC 10-311] analyzing module microblazev_microblaze_riscv_0_0_MB_FDRE_376
INFO: [VRFC 10-311] analyzing module microblazev_microblaze_riscv_0_0_MB_FDRE_377
INFO: [VRFC 10-311] analyzing module microblazev_microblaze_riscv_0_0_MB_FDRE_378
INFO: [VRFC 10-311] analyzing module microblazev_microblaze_riscv_0_0_MB_FDRE_379
INFO: [VRFC 10-311] analyzing module microblazev_microblaze_riscv_0_0_MB_FDRE_380
INFO: [VRFC 10-311] analyzing module microblazev_microblaze_riscv_0_0_MB_FDRE_381
INFO: [VRFC 10-311] analyzing module microblazev_microblaze_riscv_0_0_MB_FDRE_382
INFO: [VRFC 10-311] analyzing module microblazev_microblaze_riscv_0_0_MB_FDRE_383
INFO: [VRFC 10-311] analyzing module microblazev_microblaze_riscv_0_0_MB_FDRE_384
INFO: [VRFC 10-311] analyzing module microblazev_microblaze_riscv_0_0_MB_FDRE_385
INFO: [VRFC 10-311] analyzing module microblazev_microblaze_riscv_0_0_MB_FDRE_386
INFO: [VRFC 10-311] analyzing module microblazev_microblaze_riscv_0_0_MB_FDRE_387
INFO: [VRFC 10-311] analyzing module microblazev_microblaze_riscv_0_0_MB_FDRE_388
INFO: [VRFC 10-311] analyzing module microblazev_microblaze_riscv_0_0_MB_FDRE_389
INFO: [VRFC 10-311] analyzing module microblazev_microblaze_riscv_0_0_MB_FDRE_82
INFO: [VRFC 10-311] analyzing module microblazev_microblaze_riscv_0_0_MB_FDRE_83
INFO: [VRFC 10-311] analyzing module microblazev_microblaze_riscv_0_0_MB_FDRE_84
INFO: [VRFC 10-311] analyzing module microblazev_microblaze_riscv_0_0_MB_FDRE_85
INFO: [VRFC 10-311] analyzing module microblazev_microblaze_riscv_0_0_MB_FDRE_99
INFO: [VRFC 10-311] analyzing module microblazev_microblaze_riscv_0_0_MB_FDR_138
INFO: [VRFC 10-311] analyzing module microblazev_microblaze_riscv_0_0_MB_FDR_140
INFO: [VRFC 10-311] analyzing module microblazev_microblaze_riscv_0_0_MB_FDR_142
INFO: [VRFC 10-311] analyzing module microblazev_microblaze_riscv_0_0_MB_FDR_144
INFO: [VRFC 10-311] analyzing module microblazev_microblaze_riscv_0_0_MB_FDR_145
INFO: [VRFC 10-311] analyzing module microblazev_microblaze_riscv_0_0_MB_FDR_146
INFO: [VRFC 10-311] analyzing module microblazev_microblaze_riscv_0_0_MB_FDR_148
INFO: [VRFC 10-311] analyzing module microblazev_microblaze_riscv_0_0_MB_FDR_150
INFO: [VRFC 10-311] analyzing module microblazev_microblaze_riscv_0_0_MB_FDR_152
INFO: [VRFC 10-311] analyzing module microblazev_microblaze_riscv_0_0_MB_FDR_154
INFO: [VRFC 10-311] analyzing module microblazev_microblaze_riscv_0_0_MB_FDR_156
INFO: [VRFC 10-311] analyzing module microblazev_microblaze_riscv_0_0_MB_FDR_158
INFO: [VRFC 10-311] analyzing module microblazev_microblaze_riscv_0_0_MB_FDR_160
INFO: [VRFC 10-311] analyzing module microblazev_microblaze_riscv_0_0_MB_FDR_162
INFO: [VRFC 10-311] analyzing module microblazev_microblaze_riscv_0_0_MB_FDR_164
INFO: [VRFC 10-311] analyzing module microblazev_microblaze_riscv_0_0_MB_FDR_166
INFO: [VRFC 10-311] analyzing module microblazev_microblaze_riscv_0_0_MB_FDR_168
INFO: [VRFC 10-311] analyzing module microblazev_microblaze_riscv_0_0_MB_FDR_170
INFO: [VRFC 10-311] analyzing module microblazev_microblaze_riscv_0_0_MB_FDR_172
INFO: [VRFC 10-311] analyzing module microblazev_microblaze_riscv_0_0_MB_FDS
INFO: [VRFC 10-311] analyzing module microblazev_microblaze_riscv_0_0_MB_LUT6
INFO: [VRFC 10-311] analyzing module microblazev_microblaze_riscv_0_0_MB_LUT6_139
INFO: [VRFC 10-311] analyzing module microblazev_microblaze_riscv_0_0_MB_LUT6_141
INFO: [VRFC 10-311] analyzing module microblazev_microblaze_riscv_0_0_MB_LUT6_143
INFO: [VRFC 10-311] analyzing module microblazev_microblaze_riscv_0_0_MB_LUT6_2
INFO: [VRFC 10-311] analyzing module microblazev_microblaze_riscv_0_0_MB_LUT6_2_440
INFO: [VRFC 10-311] analyzing module microblazev_microblaze_riscv_0_0_MB_LUT6_2_442
INFO: [VRFC 10-311] analyzing module microblazev_microblaze_riscv_0_0_MB_LUT6_2_444
INFO: [VRFC 10-311] analyzing module microblazev_microblaze_riscv_0_0_MB_LUT6_2_446
INFO: [VRFC 10-311] analyzing module microblazev_microblaze_riscv_0_0_MB_LUT6_2_448
INFO: [VRFC 10-311] analyzing module microblazev_microblaze_riscv_0_0_MB_LUT6_2_450
INFO: [VRFC 10-311] analyzing module microblazev_microblaze_riscv_0_0_MB_LUT6_2_452
INFO: [VRFC 10-311] analyzing module microblazev_microblaze_riscv_0_0_MB_LUT6_2_454
INFO: [VRFC 10-311] analyzing module microblazev_microblaze_riscv_0_0_MB_LUT6_2_456
INFO: [VRFC 10-311] analyzing module microblazev_microblaze_riscv_0_0_MB_LUT6_2_458
INFO: [VRFC 10-311] analyzing module microblazev_microblaze_riscv_0_0_MB_LUT6_2_460
INFO: [VRFC 10-311] analyzing module microblazev_microblaze_riscv_0_0_MB_LUT6_2_462
INFO: [VRFC 10-311] analyzing module microblazev_microblaze_riscv_0_0_MB_LUT6_2_464
INFO: [VRFC 10-311] analyzing module microblazev_microblaze_riscv_0_0_MB_LUT6_2_466
INFO: [VRFC 10-311] analyzing module microblazev_microblaze_riscv_0_0_MB_LUT6_2_468
INFO: [VRFC 10-311] analyzing module microblazev_microblaze_riscv_0_0_MB_LUT6_2_470
INFO: [VRFC 10-311] analyzing module microblazev_microblaze_riscv_0_0_MB_LUT6_2_472
INFO: [VRFC 10-311] analyzing module microblazev_microblaze_riscv_0_0_MB_LUT6_2_474
INFO: [VRFC 10-311] analyzing module microblazev_microblaze_riscv_0_0_MB_LUT6_2_476
INFO: [VRFC 10-311] analyzing module microblazev_microblaze_riscv_0_0_MB_LUT6_2_478
INFO: [VRFC 10-311] analyzing module microblazev_microblaze_riscv_0_0_MB_LUT6_2_480
INFO: [VRFC 10-311] analyzing module microblazev_microblaze_riscv_0_0_MB_LUT6_2_482
INFO: [VRFC 10-311] analyzing module microblazev_microblaze_riscv_0_0_MB_LUT6_2_484
INFO: [VRFC 10-311] analyzing module microblazev_microblaze_riscv_0_0_MB_LUT6_2_486
INFO: [VRFC 10-311] analyzing module microblazev_microblaze_riscv_0_0_MB_LUT6_2_488
INFO: [VRFC 10-311] analyzing module microblazev_microblaze_riscv_0_0_MB_LUT6_2_490
INFO: [VRFC 10-311] analyzing module microblazev_microblaze_riscv_0_0_MB_LUT6_2_492
INFO: [VRFC 10-311] analyzing module microblazev_microblaze_riscv_0_0_MB_LUT6_2_494
INFO: [VRFC 10-311] analyzing module microblazev_microblaze_riscv_0_0_MB_LUT6_2_496
INFO: [VRFC 10-311] analyzing module microblazev_microblaze_riscv_0_0_MB_LUT6_2_498
INFO: [VRFC 10-311] analyzing module microblazev_microblaze_riscv_0_0_MB_LUT6_2_500
INFO: [VRFC 10-311] analyzing module microblazev_microblaze_riscv_0_0_MB_LUT6_2__parameterized1
INFO: [VRFC 10-311] analyzing module microblazev_microblaze_riscv_0_0_MB_LUT6_2__parameterized1_1
INFO: [VRFC 10-311] analyzing module microblazev_microblaze_riscv_0_0_MB_LUT6_2__parameterized1_10
INFO: [VRFC 10-311] analyzing module microblazev_microblaze_riscv_0_0_MB_LUT6_2__parameterized1_11
INFO: [VRFC 10-311] analyzing module microblazev_microblaze_riscv_0_0_MB_LUT6_2__parameterized1_12
INFO: [VRFC 10-311] analyzing module microblazev_microblaze_riscv_0_0_MB_LUT6_2__parameterized1_13
INFO: [VRFC 10-311] analyzing module microblazev_microblaze_riscv_0_0_MB_LUT6_2__parameterized1_14
INFO: [VRFC 10-311] analyzing module microblazev_microblaze_riscv_0_0_MB_LUT6_2__parameterized1_15
INFO: [VRFC 10-311] analyzing module microblazev_microblaze_riscv_0_0_MB_LUT6_2__parameterized1_2
INFO: [VRFC 10-311] analyzing module microblazev_microblaze_riscv_0_0_MB_LUT6_2__parameterized1_3
INFO: [VRFC 10-311] analyzing module microblazev_microblaze_riscv_0_0_MB_LUT6_2__parameterized1_4
INFO: [VRFC 10-311] analyzing module microblazev_microblaze_riscv_0_0_MB_LUT6_2__parameterized1_5
INFO: [VRFC 10-311] analyzing module microblazev_microblaze_riscv_0_0_MB_LUT6_2__parameterized1_6
INFO: [VRFC 10-311] analyzing module microblazev_microblaze_riscv_0_0_MB_LUT6_2__parameterized1_7
INFO: [VRFC 10-311] analyzing module microblazev_microblaze_riscv_0_0_MB_LUT6_2__parameterized1_8
INFO: [VRFC 10-311] analyzing module microblazev_microblaze_riscv_0_0_MB_LUT6_2__parameterized1_9
INFO: [VRFC 10-311] analyzing module microblazev_microblaze_riscv_0_0_MB_LUT6__parameterized10
INFO: [VRFC 10-311] analyzing module microblazev_microblaze_riscv_0_0_MB_LUT6__parameterized10_295
INFO: [VRFC 10-311] analyzing module microblazev_microblaze_riscv_0_0_MB_LUT6__parameterized10_296
INFO: [VRFC 10-311] analyzing module microblazev_microblaze_riscv_0_0_MB_LUT6__parameterized10_297
INFO: [VRFC 10-311] analyzing module microblazev_microblaze_riscv_0_0_MB_LUT6__parameterized10_298
INFO: [VRFC 10-311] analyzing module microblazev_microblaze_riscv_0_0_MB_LUT6__parameterized10_299
INFO: [VRFC 10-311] analyzing module microblazev_microblaze_riscv_0_0_MB_LUT6__parameterized10_300
INFO: [VRFC 10-311] analyzing module microblazev_microblaze_riscv_0_0_MB_LUT6__parameterized10_301
INFO: [VRFC 10-311] analyzing module microblazev_microblaze_riscv_0_0_MB_LUT6__parameterized10_302
INFO: [VRFC 10-311] analyzing module microblazev_microblaze_riscv_0_0_MB_LUT6__parameterized10_303
INFO: [VRFC 10-311] analyzing module microblazev_microblaze_riscv_0_0_MB_LUT6__parameterized10_304
INFO: [VRFC 10-311] analyzing module microblazev_microblaze_riscv_0_0_MB_LUT6__parameterized10_305
INFO: [VRFC 10-311] analyzing module microblazev_microblaze_riscv_0_0_MB_LUT6__parameterized10_306
INFO: [VRFC 10-311] analyzing module microblazev_microblaze_riscv_0_0_MB_LUT6__parameterized10_307
INFO: [VRFC 10-311] analyzing module microblazev_microblaze_riscv_0_0_MB_LUT6__parameterized10_308
INFO: [VRFC 10-311] analyzing module microblazev_microblaze_riscv_0_0_MB_LUT6__parameterized10_309
INFO: [VRFC 10-311] analyzing module microblazev_microblaze_riscv_0_0_MB_LUT6__parameterized10_310
INFO: [VRFC 10-311] analyzing module microblazev_microblaze_riscv_0_0_MB_LUT6__parameterized10_311
INFO: [VRFC 10-311] analyzing module microblazev_microblaze_riscv_0_0_MB_LUT6__parameterized10_312
INFO: [VRFC 10-311] analyzing module microblazev_microblaze_riscv_0_0_MB_LUT6__parameterized10_313
INFO: [VRFC 10-311] analyzing module microblazev_microblaze_riscv_0_0_MB_LUT6__parameterized10_314
INFO: [VRFC 10-311] analyzing module microblazev_microblaze_riscv_0_0_MB_LUT6__parameterized10_315
INFO: [VRFC 10-311] analyzing module microblazev_microblaze_riscv_0_0_MB_LUT6__parameterized10_316
INFO: [VRFC 10-311] analyzing module microblazev_microblaze_riscv_0_0_MB_LUT6__parameterized10_317
INFO: [VRFC 10-311] analyzing module microblazev_microblaze_riscv_0_0_MB_LUT6__parameterized10_318
INFO: [VRFC 10-311] analyzing module microblazev_microblaze_riscv_0_0_MB_LUT6__parameterized10_319
INFO: [VRFC 10-311] analyzing module microblazev_microblaze_riscv_0_0_MB_LUT6__parameterized10_320
INFO: [VRFC 10-311] analyzing module microblazev_microblaze_riscv_0_0_MB_LUT6__parameterized10_321
INFO: [VRFC 10-311] analyzing module microblazev_microblaze_riscv_0_0_MB_LUT6__parameterized10_322
INFO: [VRFC 10-311] analyzing module microblazev_microblaze_riscv_0_0_MB_LUT6__parameterized10_323
INFO: [VRFC 10-311] analyzing module microblazev_microblaze_riscv_0_0_MB_LUT6__parameterized10_324
INFO: [VRFC 10-311] analyzing module microblazev_microblaze_riscv_0_0_MB_LUT6__parameterized10_325
INFO: [VRFC 10-311] analyzing module microblazev_microblaze_riscv_0_0_MB_LUT6__parameterized10_326
INFO: [VRFC 10-311] analyzing module microblazev_microblaze_riscv_0_0_MB_LUT6__parameterized10_327
INFO: [VRFC 10-311] analyzing module microblazev_microblaze_riscv_0_0_MB_LUT6__parameterized10_328
INFO: [VRFC 10-311] analyzing module microblazev_microblaze_riscv_0_0_MB_LUT6__parameterized10_329
INFO: [VRFC 10-311] analyzing module microblazev_microblaze_riscv_0_0_MB_LUT6__parameterized10_330
INFO: [VRFC 10-311] analyzing module microblazev_microblaze_riscv_0_0_MB_LUT6__parameterized10_331
INFO: [VRFC 10-311] analyzing module microblazev_microblaze_riscv_0_0_MB_LUT6__parameterized10_332
INFO: [VRFC 10-311] analyzing module microblazev_microblaze_riscv_0_0_MB_LUT6__parameterized10_333
INFO: [VRFC 10-311] analyzing module microblazev_microblaze_riscv_0_0_MB_LUT6__parameterized10_334
INFO: [VRFC 10-311] analyzing module microblazev_microblaze_riscv_0_0_MB_LUT6__parameterized10_335
INFO: [VRFC 10-311] analyzing module microblazev_microblaze_riscv_0_0_MB_LUT6__parameterized10_336
INFO: [VRFC 10-311] analyzing module microblazev_microblaze_riscv_0_0_MB_LUT6__parameterized10_337
INFO: [VRFC 10-311] analyzing module microblazev_microblaze_riscv_0_0_MB_LUT6__parameterized10_338
INFO: [VRFC 10-311] analyzing module microblazev_microblaze_riscv_0_0_MB_LUT6__parameterized10_339
INFO: [VRFC 10-311] analyzing module microblazev_microblaze_riscv_0_0_MB_LUT6__parameterized10_340
INFO: [VRFC 10-311] analyzing module microblazev_microblaze_riscv_0_0_MB_LUT6__parameterized10_341
INFO: [VRFC 10-311] analyzing module microblazev_microblaze_riscv_0_0_MB_LUT6__parameterized10_342
INFO: [VRFC 10-311] analyzing module microblazev_microblaze_riscv_0_0_MB_LUT6__parameterized10_343
INFO: [VRFC 10-311] analyzing module microblazev_microblaze_riscv_0_0_MB_LUT6__parameterized10_344
INFO: [VRFC 10-311] analyzing module microblazev_microblaze_riscv_0_0_MB_LUT6__parameterized10_345
INFO: [VRFC 10-311] analyzing module microblazev_microblaze_riscv_0_0_MB_LUT6__parameterized10_346
INFO: [VRFC 10-311] analyzing module microblazev_microblaze_riscv_0_0_MB_LUT6__parameterized10_347
INFO: [VRFC 10-311] analyzing module microblazev_microblaze_riscv_0_0_MB_LUT6__parameterized10_348
INFO: [VRFC 10-311] analyzing module microblazev_microblaze_riscv_0_0_MB_LUT6__parameterized10_349
INFO: [VRFC 10-311] analyzing module microblazev_microblaze_riscv_0_0_MB_LUT6__parameterized10_350
INFO: [VRFC 10-311] analyzing module microblazev_microblaze_riscv_0_0_MB_LUT6__parameterized10_351
INFO: [VRFC 10-311] analyzing module microblazev_microblaze_riscv_0_0_MB_LUT6__parameterized10_352
INFO: [VRFC 10-311] analyzing module microblazev_microblaze_riscv_0_0_MB_LUT6__parameterized10_353
INFO: [VRFC 10-311] analyzing module microblazev_microblaze_riscv_0_0_MB_LUT6__parameterized10_354
INFO: [VRFC 10-311] analyzing module microblazev_microblaze_riscv_0_0_MB_LUT6__parameterized10_355
INFO: [VRFC 10-311] analyzing module microblazev_microblaze_riscv_0_0_MB_LUT6__parameterized10_356
INFO: [VRFC 10-311] analyzing module microblazev_microblaze_riscv_0_0_MB_LUT6__parameterized10_357
INFO: [VRFC 10-311] analyzing module microblazev_microblaze_riscv_0_0_MB_LUT6__parameterized2
INFO: [VRFC 10-311] analyzing module microblazev_microblaze_riscv_0_0_MB_LUT6__parameterized4
INFO: [VRFC 10-311] analyzing module microblazev_microblaze_riscv_0_0_MB_LUT6__parameterized6
INFO: [VRFC 10-311] analyzing module microblazev_microblaze_riscv_0_0_MB_LUT6__parameterized6_104
INFO: [VRFC 10-311] analyzing module microblazev_microblaze_riscv_0_0_MB_LUT6__parameterized6_106
INFO: [VRFC 10-311] analyzing module microblazev_microblaze_riscv_0_0_MB_LUT6__parameterized6_108
INFO: [VRFC 10-311] analyzing module microblazev_microblaze_riscv_0_0_MB_LUT6__parameterized8
INFO: [VRFC 10-311] analyzing module microblazev_microblaze_riscv_0_0_MB_LUT6__parameterized8_105
INFO: [VRFC 10-311] analyzing module microblazev_microblaze_riscv_0_0_MB_LUT6__parameterized8_107
INFO: [VRFC 10-311] analyzing module microblazev_microblaze_riscv_0_0_MB_LUT6__parameterized8_109
INFO: [VRFC 10-311] analyzing module microblazev_microblaze_riscv_0_0_MB_MUXCY
INFO: [VRFC 10-311] analyzing module microblazev_microblaze_riscv_0_0_MB_MUXCY_115
INFO: [VRFC 10-311] analyzing module microblazev_microblaze_riscv_0_0_MB_MUXCY_116
INFO: [VRFC 10-311] analyzing module microblazev_microblaze_riscv_0_0_MB_MUXCY_117
INFO: [VRFC 10-311] analyzing module microblazev_microblaze_riscv_0_0_MB_MUXCY_118
INFO: [VRFC 10-311] analyzing module microblazev_microblaze_riscv_0_0_MB_MUXCY_119
INFO: [VRFC 10-311] analyzing module microblazev_microblaze_riscv_0_0_MB_MUXCY_120
INFO: [VRFC 10-311] analyzing module microblazev_microblaze_riscv_0_0_MB_MUXCY_121
INFO: [VRFC 10-311] analyzing module microblazev_microblaze_riscv_0_0_MB_MUXCY_122
INFO: [VRFC 10-311] analyzing module microblazev_microblaze_riscv_0_0_MB_MUXCY_123
INFO: [VRFC 10-311] analyzing module microblazev_microblaze_riscv_0_0_MB_MUXCY_124
INFO: [VRFC 10-311] analyzing module microblazev_microblaze_riscv_0_0_MB_MUXCY_125
INFO: [VRFC 10-311] analyzing module microblazev_microblaze_riscv_0_0_MB_MUXCY_126
INFO: [VRFC 10-311] analyzing module microblazev_microblaze_riscv_0_0_MB_MUXCY_127
INFO: [VRFC 10-311] analyzing module microblazev_microblaze_riscv_0_0_MB_MUXCY_128
INFO: [VRFC 10-311] analyzing module microblazev_microblaze_riscv_0_0_MB_MUXCY_129
INFO: [VRFC 10-311] analyzing module microblazev_microblaze_riscv_0_0_MB_MUXCY_130
INFO: [VRFC 10-311] analyzing module microblazev_microblaze_riscv_0_0_MB_MUXCY_131
INFO: [VRFC 10-311] analyzing module microblazev_microblaze_riscv_0_0_MB_MUXCY_132
INFO: [VRFC 10-311] analyzing module microblazev_microblaze_riscv_0_0_MB_MUXCY_133
INFO: [VRFC 10-311] analyzing module microblazev_microblaze_riscv_0_0_MB_MUXCY_134
INFO: [VRFC 10-311] analyzing module microblazev_microblaze_riscv_0_0_MB_MUXCY_135
INFO: [VRFC 10-311] analyzing module microblazev_microblaze_riscv_0_0_MB_MUXCY_136
INFO: [VRFC 10-311] analyzing module microblazev_microblaze_riscv_0_0_MB_MUXCY_137
INFO: [VRFC 10-311] analyzing module microblazev_microblaze_riscv_0_0_MB_MUXCY_26
INFO: [VRFC 10-311] analyzing module microblazev_microblaze_riscv_0_0_MB_MUXCY_27
INFO: [VRFC 10-311] analyzing module microblazev_microblaze_riscv_0_0_MB_MUXCY_28
INFO: [VRFC 10-311] analyzing module microblazev_microblaze_riscv_0_0_MB_MUXCY_29
INFO: [VRFC 10-311] analyzing module microblazev_microblaze_riscv_0_0_MB_MUXCY_30
INFO: [VRFC 10-311] analyzing module microblazev_microblaze_riscv_0_0_MB_MUXCY_31
INFO: [VRFC 10-311] analyzing module microblazev_microblaze_riscv_0_0_MB_MUXCY_32
INFO: [VRFC 10-311] analyzing module microblazev_microblaze_riscv_0_0_MB_MUXCY_33
INFO: [VRFC 10-311] analyzing module microblazev_microblaze_riscv_0_0_MB_MUXCY_34
INFO: [VRFC 10-311] analyzing module microblazev_microblaze_riscv_0_0_MB_MUXCY_35
INFO: [VRFC 10-311] analyzing module microblazev_microblaze_riscv_0_0_MB_MUXCY_390
INFO: [VRFC 10-311] analyzing module microblazev_microblaze_riscv_0_0_MB_MUXCY_391
INFO: [VRFC 10-311] analyzing module microblazev_microblaze_riscv_0_0_MB_MUXCY_392
INFO: [VRFC 10-311] analyzing module microblazev_microblaze_riscv_0_0_MB_MUXCY_394
INFO: [VRFC 10-311] analyzing module microblazev_microblaze_riscv_0_0_MB_MUXCY_395
INFO: [VRFC 10-311] analyzing module microblazev_microblaze_riscv_0_0_MB_MUXCY_398
INFO: [VRFC 10-311] analyzing module microblazev_microblaze_riscv_0_0_MB_MUXCY_401
INFO: [VRFC 10-311] analyzing module microblazev_microblaze_riscv_0_0_MB_MUXCY_402
INFO: [VRFC 10-311] analyzing module microblazev_microblaze_riscv_0_0_MB_MUXCY_405
INFO: [VRFC 10-311] analyzing module microblazev_microblaze_riscv_0_0_MB_MUXCY_406
INFO: [VRFC 10-311] analyzing module microblazev_microblaze_riscv_0_0_MB_MUXCY_XORCY
INFO: [VRFC 10-311] analyzing module microblazev_microblaze_riscv_0_0_MB_MUXCY_XORCY_174
INFO: [VRFC 10-311] analyzing module microblazev_microblaze_riscv_0_0_MB_MUXCY_XORCY_175
INFO: [VRFC 10-311] analyzing module microblazev_microblaze_riscv_0_0_MB_MUXCY_XORCY_176
INFO: [VRFC 10-311] analyzing module microblazev_microblaze_riscv_0_0_MB_MUXCY_XORCY_177
INFO: [VRFC 10-311] analyzing module microblazev_microblaze_riscv_0_0_MB_MUXCY_XORCY_178
INFO: [VRFC 10-311] analyzing module microblazev_microblaze_riscv_0_0_MB_MUXCY_XORCY_179
INFO: [VRFC 10-311] analyzing module microblazev_microblaze_riscv_0_0_MB_MUXCY_XORCY_180
INFO: [VRFC 10-311] analyzing module microblazev_microblaze_riscv_0_0_MB_MUXCY_XORCY_181
INFO: [VRFC 10-311] analyzing module microblazev_microblaze_riscv_0_0_MB_MUXCY_XORCY_182
INFO: [VRFC 10-311] analyzing module microblazev_microblaze_riscv_0_0_MB_MUXCY_XORCY_183
INFO: [VRFC 10-311] analyzing module microblazev_microblaze_riscv_0_0_MB_MUXCY_XORCY_184
INFO: [VRFC 10-311] analyzing module microblazev_microblaze_riscv_0_0_MB_MUXCY_XORCY_185
INFO: [VRFC 10-311] analyzing module microblazev_microblaze_riscv_0_0_MB_MUXCY_XORCY_186
INFO: [VRFC 10-311] analyzing module microblazev_microblaze_riscv_0_0_MB_MUXCY_XORCY_439
INFO: [VRFC 10-311] analyzing module microblazev_microblaze_riscv_0_0_MB_MUXCY_XORCY_441
INFO: [VRFC 10-311] analyzing module microblazev_microblaze_riscv_0_0_MB_MUXCY_XORCY_443
INFO: [VRFC 10-311] analyzing module microblazev_microblaze_riscv_0_0_MB_MUXCY_XORCY_445
INFO: [VRFC 10-311] analyzing module microblazev_microblaze_riscv_0_0_MB_MUXCY_XORCY_447
INFO: [VRFC 10-311] analyzing module microblazev_microblaze_riscv_0_0_MB_MUXCY_XORCY_449
INFO: [VRFC 10-311] analyzing module microblazev_microblaze_riscv_0_0_MB_MUXCY_XORCY_451
INFO: [VRFC 10-311] analyzing module microblazev_microblaze_riscv_0_0_MB_MUXCY_XORCY_453
INFO: [VRFC 10-311] analyzing module microblazev_microblaze_riscv_0_0_MB_MUXCY_XORCY_455
INFO: [VRFC 10-311] analyzing module microblazev_microblaze_riscv_0_0_MB_MUXCY_XORCY_457
INFO: [VRFC 10-311] analyzing module microblazev_microblaze_riscv_0_0_MB_MUXCY_XORCY_459
INFO: [VRFC 10-311] analyzing module microblazev_microblaze_riscv_0_0_MB_MUXCY_XORCY_461
INFO: [VRFC 10-311] analyzing module microblazev_microblaze_riscv_0_0_MB_MUXCY_XORCY_463
INFO: [VRFC 10-311] analyzing module microblazev_microblaze_riscv_0_0_MB_MUXCY_XORCY_465
INFO: [VRFC 10-311] analyzing module microblazev_microblaze_riscv_0_0_MB_MUXCY_XORCY_467
INFO: [VRFC 10-311] analyzing module microblazev_microblaze_riscv_0_0_MB_MUXCY_XORCY_469
INFO: [VRFC 10-311] analyzing module microblazev_microblaze_riscv_0_0_MB_MUXCY_XORCY_471
INFO: [VRFC 10-311] analyzing module microblazev_microblaze_riscv_0_0_MB_MUXCY_XORCY_473
INFO: [VRFC 10-311] analyzing module microblazev_microblaze_riscv_0_0_MB_MUXCY_XORCY_475
INFO: [VRFC 10-311] analyzing module microblazev_microblaze_riscv_0_0_MB_MUXCY_XORCY_477
INFO: [VRFC 10-311] analyzing module microblazev_microblaze_riscv_0_0_MB_MUXCY_XORCY_479
INFO: [VRFC 10-311] analyzing module microblazev_microblaze_riscv_0_0_MB_MUXCY_XORCY_481
INFO: [VRFC 10-311] analyzing module microblazev_microblaze_riscv_0_0_MB_MUXCY_XORCY_483
INFO: [VRFC 10-311] analyzing module microblazev_microblaze_riscv_0_0_MB_MUXCY_XORCY_485
INFO: [VRFC 10-311] analyzing module microblazev_microblaze_riscv_0_0_MB_MUXCY_XORCY_487
INFO: [VRFC 10-311] analyzing module microblazev_microblaze_riscv_0_0_MB_MUXCY_XORCY_489
INFO: [VRFC 10-311] analyzing module microblazev_microblaze_riscv_0_0_MB_MUXCY_XORCY_491
INFO: [VRFC 10-311] analyzing module microblazev_microblaze_riscv_0_0_MB_MUXCY_XORCY_493
INFO: [VRFC 10-311] analyzing module microblazev_microblaze_riscv_0_0_MB_MUXCY_XORCY_495
INFO: [VRFC 10-311] analyzing module microblazev_microblaze_riscv_0_0_MB_MUXCY_XORCY_497
INFO: [VRFC 10-311] analyzing module microblazev_microblaze_riscv_0_0_MB_MUXCY_XORCY_499
INFO: [VRFC 10-311] analyzing module microblazev_microblaze_riscv_0_0_MB_MUXCY_XORCY_501
INFO: [VRFC 10-311] analyzing module microblazev_microblaze_riscv_0_0_MB_MUXF7
INFO: [VRFC 10-311] analyzing module microblazev_microblaze_riscv_0_0_MB_MUXF7_147
INFO: [VRFC 10-311] analyzing module microblazev_microblaze_riscv_0_0_MB_MUXF7_149
INFO: [VRFC 10-311] analyzing module microblazev_microblaze_riscv_0_0_MB_MUXF7_151
INFO: [VRFC 10-311] analyzing module microblazev_microblaze_riscv_0_0_MB_MUXF7_153
INFO: [VRFC 10-311] analyzing module microblazev_microblaze_riscv_0_0_MB_MUXF7_155
INFO: [VRFC 10-311] analyzing module microblazev_microblaze_riscv_0_0_MB_MUXF7_157
INFO: [VRFC 10-311] analyzing module microblazev_microblaze_riscv_0_0_MB_MUXF7_159
INFO: [VRFC 10-311] analyzing module microblazev_microblaze_riscv_0_0_MB_MUXF7_161
INFO: [VRFC 10-311] analyzing module microblazev_microblaze_riscv_0_0_MB_MUXF7_163
INFO: [VRFC 10-311] analyzing module microblazev_microblaze_riscv_0_0_MB_MUXF7_165
INFO: [VRFC 10-311] analyzing module microblazev_microblaze_riscv_0_0_MB_MUXF7_167
INFO: [VRFC 10-311] analyzing module microblazev_microblaze_riscv_0_0_MB_MUXF7_169
INFO: [VRFC 10-311] analyzing module microblazev_microblaze_riscv_0_0_MB_MUXF7_171
INFO: [VRFC 10-311] analyzing module microblazev_microblaze_riscv_0_0_MB_MUXF7_173
INFO: [VRFC 10-311] analyzing module microblazev_microblaze_riscv_0_0_MB_RAM32M
INFO: [VRFC 10-311] analyzing module microblazev_microblaze_riscv_0_0_MB_RAM32M_217
INFO: [VRFC 10-311] analyzing module microblazev_microblaze_riscv_0_0_MB_RAM32M_218
INFO: [VRFC 10-311] analyzing module microblazev_microblaze_riscv_0_0_MB_RAM32M_219
INFO: [VRFC 10-311] analyzing module microblazev_microblaze_riscv_0_0_MB_RAM32M_220
INFO: [VRFC 10-311] analyzing module microblazev_microblaze_riscv_0_0_MB_RAM32M_221
INFO: [VRFC 10-311] analyzing module microblazev_microblaze_riscv_0_0_MB_RAM32M_222
INFO: [VRFC 10-311] analyzing module microblazev_microblaze_riscv_0_0_MB_RAM32M_223
INFO: [VRFC 10-311] analyzing module microblazev_microblaze_riscv_0_0_MB_RAM32M_224
INFO: [VRFC 10-311] analyzing module microblazev_microblaze_riscv_0_0_MB_RAM32M_225
INFO: [VRFC 10-311] analyzing module microblazev_microblaze_riscv_0_0_MB_RAM32M_226
INFO: [VRFC 10-311] analyzing module microblazev_microblaze_riscv_0_0_MB_RAM32M_227
INFO: [VRFC 10-311] analyzing module microblazev_microblaze_riscv_0_0_MB_RAM32M_228
INFO: [VRFC 10-311] analyzing module microblazev_microblaze_riscv_0_0_MB_RAM32M_229
INFO: [VRFC 10-311] analyzing module microblazev_microblaze_riscv_0_0_MB_RAM32M_230
INFO: [VRFC 10-311] analyzing module microblazev_microblaze_riscv_0_0_MB_RAM32M_231
INFO: [VRFC 10-311] analyzing module microblazev_microblaze_riscv_0_0_OneHot_Buffer_FF
INFO: [VRFC 10-311] analyzing module microblazev_microblaze_riscv_0_0_WB_Mux
INFO: [VRFC 10-311] analyzing module microblazev_microblaze_riscv_0_0_WB_Mux_Bit
INFO: [VRFC 10-311] analyzing module microblazev_microblaze_riscv_0_0_WB_Mux_Bit_195
INFO: [VRFC 10-311] analyzing module microblazev_microblaze_riscv_0_0_WB_Mux_Bit_197
INFO: [VRFC 10-311] analyzing module microblazev_microblaze_riscv_0_0_WB_Mux_Bit_198
INFO: [VRFC 10-311] analyzing module microblazev_microblaze_riscv_0_0_WB_Mux_Bit_199
INFO: [VRFC 10-311] analyzing module microblazev_microblaze_riscv_0_0_WB_Mux_Bit_200
INFO: [VRFC 10-311] analyzing module microblazev_microblaze_riscv_0_0_WB_Mux_Bit_201
INFO: [VRFC 10-311] analyzing module microblazev_microblaze_riscv_0_0_WB_Mux_Bit_202
INFO: [VRFC 10-311] analyzing module microblazev_microblaze_riscv_0_0_WB_Mux_Bit_203
INFO: [VRFC 10-311] analyzing module microblazev_microblaze_riscv_0_0_WB_Mux_Bit_204
INFO: [VRFC 10-311] analyzing module microblazev_microblaze_riscv_0_0_WB_Mux_Bit_205
INFO: [VRFC 10-311] analyzing module microblazev_microblaze_riscv_0_0_WB_Mux_Bit_206
INFO: [VRFC 10-311] analyzing module microblazev_microblaze_riscv_0_0_WB_Mux_Bit_208
INFO: [VRFC 10-311] analyzing module microblazev_microblaze_riscv_0_0_WB_Mux_Bit_209
INFO: [VRFC 10-311] analyzing module microblazev_microblaze_riscv_0_0_WB_Mux_Bit__parameterized2
INFO: [VRFC 10-311] analyzing module microblazev_microblaze_riscv_0_0_WB_Mux_Bit__parameterized2_187
INFO: [VRFC 10-311] analyzing module microblazev_microblaze_riscv_0_0_WB_Mux_Bit__parameterized2_188
INFO: [VRFC 10-311] analyzing module microblazev_microblaze_riscv_0_0_WB_Mux_Bit__parameterized2_189
INFO: [VRFC 10-311] analyzing module microblazev_microblaze_riscv_0_0_WB_Mux_Bit__parameterized2_190
INFO: [VRFC 10-311] analyzing module microblazev_microblaze_riscv_0_0_WB_Mux_Bit__parameterized2_191
INFO: [VRFC 10-311] analyzing module microblazev_microblaze_riscv_0_0_WB_Mux_Bit__parameterized2_192
INFO: [VRFC 10-311] analyzing module microblazev_microblaze_riscv_0_0_WB_Mux_Bit__parameterized2_193
INFO: [VRFC 10-311] analyzing module microblazev_microblaze_riscv_0_0_WB_Mux_Bit__parameterized2_194
INFO: [VRFC 10-311] analyzing module microblazev_microblaze_riscv_0_0_WB_Mux_Bit__parameterized2_196
INFO: [VRFC 10-311] analyzing module microblazev_microblaze_riscv_0_0_WB_Mux_Bit__parameterized2_207
INFO: [VRFC 10-311] analyzing module microblazev_microblaze_riscv_0_0_WB_Mux_Bit__parameterized2_210
INFO: [VRFC 10-311] analyzing module microblazev_microblaze_riscv_0_0_WB_Mux_Bit__parameterized2_211
INFO: [VRFC 10-311] analyzing module microblazev_microblaze_riscv_0_0_WB_Mux_Bit__parameterized2_212
INFO: [VRFC 10-311] analyzing module microblazev_microblaze_riscv_0_0_WB_Mux_Bit__parameterized2_213
INFO: [VRFC 10-311] analyzing module microblazev_microblaze_riscv_0_0_WB_Mux_Bit__parameterized2_214
INFO: [VRFC 10-311] analyzing module microblazev_microblaze_riscv_0_0_WB_Mux_Bit__parameterized2_215
INFO: [VRFC 10-311] analyzing module microblazev_microblaze_riscv_0_0_WB_Mux_Bit__parameterized2_216
INFO: [VRFC 10-311] analyzing module microblazev_microblaze_riscv_0_0_carry_and
INFO: [VRFC 10-311] analyzing module microblazev_microblaze_riscv_0_0_carry_and_110
INFO: [VRFC 10-311] analyzing module microblazev_microblaze_riscv_0_0_carry_and_111
INFO: [VRFC 10-311] analyzing module microblazev_microblaze_riscv_0_0_carry_and_112
INFO: [VRFC 10-311] analyzing module microblazev_microblaze_riscv_0_0_carry_and_113
INFO: [VRFC 10-311] analyzing module microblazev_microblaze_riscv_0_0_carry_and_16
INFO: [VRFC 10-311] analyzing module microblazev_microblaze_riscv_0_0_carry_and_17
INFO: [VRFC 10-311] analyzing module microblazev_microblaze_riscv_0_0_carry_and_18
INFO: [VRFC 10-311] analyzing module microblazev_microblaze_riscv_0_0_carry_and_19
INFO: [VRFC 10-311] analyzing module microblazev_microblaze_riscv_0_0_carry_and_20
INFO: [VRFC 10-311] analyzing module microblazev_microblaze_riscv_0_0_carry_and_21
INFO: [VRFC 10-311] analyzing module microblazev_microblaze_riscv_0_0_carry_and_22
INFO: [VRFC 10-311] analyzing module microblazev_microblaze_riscv_0_0_carry_and_23
INFO: [VRFC 10-311] analyzing module microblazev_microblaze_riscv_0_0_carry_and_24
INFO: [VRFC 10-311] analyzing module microblazev_microblaze_riscv_0_0_carry_and_25
INFO: [VRFC 10-311] analyzing module microblazev_microblaze_riscv_0_0_carry_and_86
INFO: [VRFC 10-311] analyzing module microblazev_microblaze_riscv_0_0_carry_and_87
INFO: [VRFC 10-311] analyzing module microblazev_microblaze_riscv_0_0_carry_and_88
INFO: [VRFC 10-311] analyzing module microblazev_microblaze_riscv_0_0_carry_and_89
INFO: [VRFC 10-311] analyzing module microblazev_microblaze_riscv_0_0_carry_and_90
INFO: [VRFC 10-311] analyzing module microblazev_microblaze_riscv_0_0_carry_and_91
INFO: [VRFC 10-311] analyzing module microblazev_microblaze_riscv_0_0_carry_and_92
INFO: [VRFC 10-311] analyzing module microblazev_microblaze_riscv_0_0_carry_and_93
INFO: [VRFC 10-311] analyzing module microblazev_microblaze_riscv_0_0_carry_and_94
INFO: [VRFC 10-311] analyzing module microblazev_microblaze_riscv_0_0_carry_and_95
INFO: [VRFC 10-311] analyzing module microblazev_microblaze_riscv_0_0_carry_and_96
INFO: [VRFC 10-311] analyzing module microblazev_microblaze_riscv_0_0_carry_and_97
INFO: [VRFC 10-311] analyzing module microblazev_microblaze_riscv_0_0_carry_and_98
INFO: [VRFC 10-311] analyzing module microblazev_microblaze_riscv_0_0_carry_compare
INFO: [VRFC 10-311] analyzing module microblazev_microblaze_riscv_0_0_carry_or
INFO: [VRFC 10-311] analyzing module microblazev_microblaze_riscv_0_0_carry_or_114
INFO: [VRFC 10-311] analyzing module microblazev_microblaze_riscv_0_0_csr
INFO: [VRFC 10-311] analyzing module microblazev_microblaze_riscv_0_0_instr_mux
INFO: [VRFC 10-311] analyzing module microblazev_microblaze_riscv_0_0_interrupt_mode_converter
INFO: [VRFC 10-311] analyzing module microblazev_microblaze_riscv_0_0_mb_sync_bit
INFO: [VRFC 10-311] analyzing module microblazev_microblaze_riscv_0_0_mb_sync_bit__parameterized1
INFO: [VRFC 10-311] analyzing module microblazev_microblaze_riscv_0_0_mb_sync_bit__parameterized3_36
INFO: [VRFC 10-311] analyzing module microblazev_microblaze_riscv_0_0_mb_sync_bit__parameterized3_39
INFO: [VRFC 10-311] analyzing module microblazev_microblaze_riscv_0_0_mb_sync_bit__parameterized3_41
INFO: [VRFC 10-311] analyzing module microblazev_microblaze_riscv_0_0_mb_sync_bit__parameterized3_42
INFO: [VRFC 10-311] analyzing module microblazev_microblaze_riscv_0_0_mb_sync_bit__parameterized3_44
INFO: [VRFC 10-311] analyzing module microblazev_microblaze_riscv_0_0_mb_sync_bit__parameterized3_45
INFO: [VRFC 10-311] analyzing module microblazev_microblaze_riscv_0_0_mb_sync_bit__parameterized3_46
INFO: [VRFC 10-311] analyzing module microblazev_microblaze_riscv_0_0_mb_sync_bit__parameterized3_47
INFO: [VRFC 10-311] analyzing module microblazev_microblaze_riscv_0_0_mb_sync_bit__parameterized3_48
INFO: [VRFC 10-311] analyzing module microblazev_microblaze_riscv_0_0_mb_sync_bit__parameterized3_49
INFO: [VRFC 10-311] analyzing module microblazev_microblaze_riscv_0_0_mb_sync_bit__parameterized3_50
INFO: [VRFC 10-311] analyzing module microblazev_microblaze_riscv_0_0_mb_sync_bit__parameterized5
INFO: [VRFC 10-311] analyzing module microblazev_microblaze_riscv_0_0_mb_sync_bit__parameterized5_37
INFO: [VRFC 10-311] analyzing module microblazev_microblaze_riscv_0_0_mb_sync_bit__parameterized5_38
INFO: [VRFC 10-311] analyzing module microblazev_microblaze_riscv_0_0_mb_sync_vec
INFO: [VRFC 10-311] analyzing module microblazev_microblaze_riscv_0_0_microblaze_riscv_v1_0_4_ALU
INFO: [VRFC 10-311] analyzing module microblazev_microblaze_riscv_0_0_microblaze_riscv_v1_0_4_ALU_Bit
INFO: [VRFC 10-311] analyzing module microblazev_microblaze_riscv_0_0_microblaze_riscv_v1_0_4_ALU_Bit_408
INFO: [VRFC 10-311] analyzing module microblazev_microblaze_riscv_0_0_microblaze_riscv_v1_0_4_ALU_Bit_409
INFO: [VRFC 10-311] analyzing module microblazev_microblaze_riscv_0_0_microblaze_riscv_v1_0_4_ALU_Bit_410
INFO: [VRFC 10-311] analyzing module microblazev_microblaze_riscv_0_0_microblaze_riscv_v1_0_4_ALU_Bit_411
INFO: [VRFC 10-311] analyzing module microblazev_microblaze_riscv_0_0_microblaze_riscv_v1_0_4_ALU_Bit_412
INFO: [VRFC 10-311] analyzing module microblazev_microblaze_riscv_0_0_microblaze_riscv_v1_0_4_ALU_Bit_413
INFO: [VRFC 10-311] analyzing module microblazev_microblaze_riscv_0_0_microblaze_riscv_v1_0_4_ALU_Bit_414
INFO: [VRFC 10-311] analyzing module microblazev_microblaze_riscv_0_0_microblaze_riscv_v1_0_4_ALU_Bit_415
INFO: [VRFC 10-311] analyzing module microblazev_microblaze_riscv_0_0_microblaze_riscv_v1_0_4_ALU_Bit_416
INFO: [VRFC 10-311] analyzing module microblazev_microblaze_riscv_0_0_microblaze_riscv_v1_0_4_ALU_Bit_417
INFO: [VRFC 10-311] analyzing module microblazev_microblaze_riscv_0_0_microblaze_riscv_v1_0_4_ALU_Bit_418
INFO: [VRFC 10-311] analyzing module microblazev_microblaze_riscv_0_0_microblaze_riscv_v1_0_4_ALU_Bit_419
INFO: [VRFC 10-311] analyzing module microblazev_microblaze_riscv_0_0_microblaze_riscv_v1_0_4_ALU_Bit_420
INFO: [VRFC 10-311] analyzing module microblazev_microblaze_riscv_0_0_microblaze_riscv_v1_0_4_ALU_Bit_421
INFO: [VRFC 10-311] analyzing module microblazev_microblaze_riscv_0_0_microblaze_riscv_v1_0_4_ALU_Bit_422
INFO: [VRFC 10-311] analyzing module microblazev_microblaze_riscv_0_0_microblaze_riscv_v1_0_4_ALU_Bit_423
INFO: [VRFC 10-311] analyzing module microblazev_microblaze_riscv_0_0_microblaze_riscv_v1_0_4_ALU_Bit_424
INFO: [VRFC 10-311] analyzing module microblazev_microblaze_riscv_0_0_microblaze_riscv_v1_0_4_ALU_Bit_425
INFO: [VRFC 10-311] analyzing module microblazev_microblaze_riscv_0_0_microblaze_riscv_v1_0_4_ALU_Bit_426
INFO: [VRFC 10-311] analyzing module microblazev_microblaze_riscv_0_0_microblaze_riscv_v1_0_4_ALU_Bit_427
INFO: [VRFC 10-311] analyzing module microblazev_microblaze_riscv_0_0_microblaze_riscv_v1_0_4_ALU_Bit_428
INFO: [VRFC 10-311] analyzing module microblazev_microblaze_riscv_0_0_microblaze_riscv_v1_0_4_ALU_Bit_429
INFO: [VRFC 10-311] analyzing module microblazev_microblaze_riscv_0_0_microblaze_riscv_v1_0_4_ALU_Bit_430
INFO: [VRFC 10-311] analyzing module microblazev_microblaze_riscv_0_0_microblaze_riscv_v1_0_4_ALU_Bit_431
INFO: [VRFC 10-311] analyzing module microblazev_microblaze_riscv_0_0_microblaze_riscv_v1_0_4_ALU_Bit_432
INFO: [VRFC 10-311] analyzing module microblazev_microblaze_riscv_0_0_microblaze_riscv_v1_0_4_ALU_Bit_433
INFO: [VRFC 10-311] analyzing module microblazev_microblaze_riscv_0_0_microblaze_riscv_v1_0_4_ALU_Bit_434
INFO: [VRFC 10-311] analyzing module microblazev_microblaze_riscv_0_0_microblaze_riscv_v1_0_4_ALU_Bit_435
INFO: [VRFC 10-311] analyzing module microblazev_microblaze_riscv_0_0_microblaze_riscv_v1_0_4_ALU_Bit_436
INFO: [VRFC 10-311] analyzing module microblazev_microblaze_riscv_0_0_microblaze_riscv_v1_0_4_ALU_Bit_437
INFO: [VRFC 10-311] analyzing module microblazev_microblaze_riscv_0_0_microblaze_riscv_v1_0_4_ALU_Bit_438
INFO: [VRFC 10-311] analyzing module microblazev_microblaze_riscv_0_0_microblaze_riscv_v1_0_4_Byte_Doublet_Handle_gti
INFO: [VRFC 10-311] analyzing module microblazev_microblaze_riscv_0_0_microblaze_riscv_v1_0_4_DAXI_interface
INFO: [VRFC 10-311] analyzing module microblazev_microblaze_riscv_0_0_microblaze_riscv_v1_0_4_Data_Flow_Logic
INFO: [VRFC 10-311] analyzing module microblazev_microblaze_riscv_0_0_microblaze_riscv_v1_0_4_Data_Flow_gti
INFO: [VRFC 10-311] analyzing module microblazev_microblaze_riscv_0_0_microblaze_riscv_v1_0_4_Decode_gti
INFO: [VRFC 10-311] analyzing module microblazev_microblaze_riscv_0_0_microblaze_riscv_v1_0_4_MMU
INFO: [VRFC 10-311] analyzing module microblazev_microblaze_riscv_0_0_microblaze_riscv_v1_0_4_Mux4
INFO: [VRFC 10-311] analyzing module microblazev_microblaze_riscv_0_0_microblaze_riscv_v1_0_4_Mux4_232
INFO: [VRFC 10-311] analyzing module microblazev_microblaze_riscv_0_0_microblaze_riscv_v1_0_4_Mux4_233
INFO: [VRFC 10-311] analyzing module microblazev_microblaze_riscv_0_0_microblaze_riscv_v1_0_4_Mux4_234
INFO: [VRFC 10-311] analyzing module microblazev_microblaze_riscv_0_0_microblaze_riscv_v1_0_4_Mux4_235
INFO: [VRFC 10-311] analyzing module microblazev_microblaze_riscv_0_0_microblaze_riscv_v1_0_4_Mux4_236
INFO: [VRFC 10-311] analyzing module microblazev_microblaze_riscv_0_0_microblaze_riscv_v1_0_4_Mux4_237
INFO: [VRFC 10-311] analyzing module microblazev_microblaze_riscv_0_0_microblaze_riscv_v1_0_4_Mux4_238
INFO: [VRFC 10-311] analyzing module microblazev_microblaze_riscv_0_0_microblaze_riscv_v1_0_4_Mux4_239
INFO: [VRFC 10-311] analyzing module microblazev_microblaze_riscv_0_0_microblaze_riscv_v1_0_4_Mux4_240
INFO: [VRFC 10-311] analyzing module microblazev_microblaze_riscv_0_0_microblaze_riscv_v1_0_4_Mux4_241
INFO: [VRFC 10-311] analyzing module microblazev_microblaze_riscv_0_0_microblaze_riscv_v1_0_4_Mux4_242
INFO: [VRFC 10-311] analyzing module microblazev_microblaze_riscv_0_0_microblaze_riscv_v1_0_4_Mux4_243
INFO: [VRFC 10-311] analyzing module microblazev_microblaze_riscv_0_0_microblaze_riscv_v1_0_4_Mux4_244
INFO: [VRFC 10-311] analyzing module microblazev_microblaze_riscv_0_0_microblaze_riscv_v1_0_4_Mux4_245
INFO: [VRFC 10-311] analyzing module microblazev_microblaze_riscv_0_0_microblaze_riscv_v1_0_4_Mux4_246
INFO: [VRFC 10-311] analyzing module microblazev_microblaze_riscv_0_0_microblaze_riscv_v1_0_4_Mux4_247
INFO: [VRFC 10-311] analyzing module microblazev_microblaze_riscv_0_0_microblaze_riscv_v1_0_4_Mux4_248
INFO: [VRFC 10-311] analyzing module microblazev_microblaze_riscv_0_0_microblaze_riscv_v1_0_4_Mux4_249
INFO: [VRFC 10-311] analyzing module microblazev_microblaze_riscv_0_0_microblaze_riscv_v1_0_4_Mux4_250
INFO: [VRFC 10-311] analyzing module microblazev_microblaze_riscv_0_0_microblaze_riscv_v1_0_4_Mux4_251
INFO: [VRFC 10-311] analyzing module microblazev_microblaze_riscv_0_0_microblaze_riscv_v1_0_4_Mux4_252
INFO: [VRFC 10-311] analyzing module microblazev_microblaze_riscv_0_0_microblaze_riscv_v1_0_4_Mux4_253
INFO: [VRFC 10-311] analyzing module microblazev_microblaze_riscv_0_0_microblaze_riscv_v1_0_4_Mux4_254
INFO: [VRFC 10-311] analyzing module microblazev_microblaze_riscv_0_0_microblaze_riscv_v1_0_4_Mux4_255
INFO: [VRFC 10-311] analyzing module microblazev_microblaze_riscv_0_0_microblaze_riscv_v1_0_4_Mux4_256
INFO: [VRFC 10-311] analyzing module microblazev_microblaze_riscv_0_0_microblaze_riscv_v1_0_4_Mux4_257
INFO: [VRFC 10-311] analyzing module microblazev_microblaze_riscv_0_0_microblaze_riscv_v1_0_4_Mux4_258
INFO: [VRFC 10-311] analyzing module microblazev_microblaze_riscv_0_0_microblaze_riscv_v1_0_4_Mux4_259
INFO: [VRFC 10-311] analyzing module microblazev_microblaze_riscv_0_0_microblaze_riscv_v1_0_4_Mux4_260
INFO: [VRFC 10-311] analyzing module microblazev_microblaze_riscv_0_0_microblaze_riscv_v1_0_4_Mux4_261
INFO: [VRFC 10-311] analyzing module microblazev_microblaze_riscv_0_0_microblaze_riscv_v1_0_4_Mux4_262
INFO: [VRFC 10-311] analyzing module microblazev_microblaze_riscv_0_0_microblaze_riscv_v1_0_4_Mux4_263
INFO: [VRFC 10-311] analyzing module microblazev_microblaze_riscv_0_0_microblaze_riscv_v1_0_4_Mux4_264
INFO: [VRFC 10-311] analyzing module microblazev_microblaze_riscv_0_0_microblaze_riscv_v1_0_4_Mux4_265
INFO: [VRFC 10-311] analyzing module microblazev_microblaze_riscv_0_0_microblaze_riscv_v1_0_4_Mux4_266
INFO: [VRFC 10-311] analyzing module microblazev_microblaze_riscv_0_0_microblaze_riscv_v1_0_4_Mux4_267
INFO: [VRFC 10-311] analyzing module microblazev_microblaze_riscv_0_0_microblaze_riscv_v1_0_4_Mux4_268
INFO: [VRFC 10-311] analyzing module microblazev_microblaze_riscv_0_0_microblaze_riscv_v1_0_4_Mux4_269
INFO: [VRFC 10-311] analyzing module microblazev_microblaze_riscv_0_0_microblaze_riscv_v1_0_4_Mux4_270
INFO: [VRFC 10-311] analyzing module microblazev_microblaze_riscv_0_0_microblaze_riscv_v1_0_4_Mux4_271
INFO: [VRFC 10-311] analyzing module microblazev_microblaze_riscv_0_0_microblaze_riscv_v1_0_4_Mux4_272
INFO: [VRFC 10-311] analyzing module microblazev_microblaze_riscv_0_0_microblaze_riscv_v1_0_4_Mux4_273
INFO: [VRFC 10-311] analyzing module microblazev_microblaze_riscv_0_0_microblaze_riscv_v1_0_4_Mux4_274
INFO: [VRFC 10-311] analyzing module microblazev_microblaze_riscv_0_0_microblaze_riscv_v1_0_4_Mux4_275
INFO: [VRFC 10-311] analyzing module microblazev_microblaze_riscv_0_0_microblaze_riscv_v1_0_4_Mux4_276
INFO: [VRFC 10-311] analyzing module microblazev_microblaze_riscv_0_0_microblaze_riscv_v1_0_4_Mux4_277
INFO: [VRFC 10-311] analyzing module microblazev_microblaze_riscv_0_0_microblaze_riscv_v1_0_4_Mux4_278
INFO: [VRFC 10-311] analyzing module microblazev_microblaze_riscv_0_0_microblaze_riscv_v1_0_4_Mux4_279
INFO: [VRFC 10-311] analyzing module microblazev_microblaze_riscv_0_0_microblaze_riscv_v1_0_4_Mux4_280
INFO: [VRFC 10-311] analyzing module microblazev_microblaze_riscv_0_0_microblaze_riscv_v1_0_4_Mux4_281
INFO: [VRFC 10-311] analyzing module microblazev_microblaze_riscv_0_0_microblaze_riscv_v1_0_4_Mux4_282
INFO: [VRFC 10-311] analyzing module microblazev_microblaze_riscv_0_0_microblaze_riscv_v1_0_4_Mux4_283
INFO: [VRFC 10-311] analyzing module microblazev_microblaze_riscv_0_0_microblaze_riscv_v1_0_4_Mux4_284
INFO: [VRFC 10-311] analyzing module microblazev_microblaze_riscv_0_0_microblaze_riscv_v1_0_4_Mux4_285
INFO: [VRFC 10-311] analyzing module microblazev_microblaze_riscv_0_0_microblaze_riscv_v1_0_4_Mux4_286
INFO: [VRFC 10-311] analyzing module microblazev_microblaze_riscv_0_0_microblaze_riscv_v1_0_4_Mux4_287
INFO: [VRFC 10-311] analyzing module microblazev_microblaze_riscv_0_0_microblaze_riscv_v1_0_4_Mux4_288
INFO: [VRFC 10-311] analyzing module microblazev_microblaze_riscv_0_0_microblaze_riscv_v1_0_4_Mux4_289
INFO: [VRFC 10-311] analyzing module microblazev_microblaze_riscv_0_0_microblaze_riscv_v1_0_4_Mux4_290
INFO: [VRFC 10-311] analyzing module microblazev_microblaze_riscv_0_0_microblaze_riscv_v1_0_4_Mux4_291
INFO: [VRFC 10-311] analyzing module microblazev_microblaze_riscv_0_0_microblaze_riscv_v1_0_4_Mux4_292
INFO: [VRFC 10-311] analyzing module microblazev_microblaze_riscv_0_0_microblaze_riscv_v1_0_4_Mux4_293
INFO: [VRFC 10-311] analyzing module microblazev_microblaze_riscv_0_0_microblaze_riscv_v1_0_4_Mux4_294
INFO: [VRFC 10-311] analyzing module microblazev_microblaze_riscv_0_0_microblaze_riscv_v1_0_4_Operand_Select_gti
INFO: [VRFC 10-311] analyzing module microblazev_microblaze_riscv_0_0_microblaze_riscv_v1_0_4_PC_Module_gti
INFO: [VRFC 10-311] analyzing module microblazev_microblaze_riscv_0_0_microblaze_riscv_v1_0_4_PreFetch_Buffer_ff
INFO: [VRFC 10-311] analyzing module microblazev_microblaze_riscv_0_0_microblaze_riscv_v1_0_4_Register_File_gti
INFO: [VRFC 10-311] analyzing module microblazev_microblaze_riscv_0_0_microblaze_riscv_v1_0_4_jump_logic
INFO: [VRFC 10-311] analyzing module microblazev_microblaze_riscv_0_0_mux_bus
INFO: [VRFC 10-311] analyzing module microblazev_microblaze_riscv_0_0_read_data_mux
INFO: [VRFC 10-311] analyzing module microblazev_microblaze_riscv_0_0_riscv
INFO: [VRFC 10-311] analyzing module microblazev_microblaze_riscv_0_0_riscv_GTi
INFO: [VRFC 10-311] analyzing module microblazev_microblaze_riscv_0_0_riscv_core
INFO: [VRFC 10-311] analyzing module microblazev_microblaze_riscv_0_0_riscv_debug
INFO: [VRFC 10-311] analyzing module microblazev_microblaze_riscv_0_0_trigger
INFO: [VRFC 10-311] analyzing module microblazev_microblaze_riscv_0_0_xil_scan_reset_control
INFO: [VRFC 10-311] analyzing module microblazev_microblaze_riscv_0_0_xil_scan_reset_control__10
INFO: [VRFC 10-311] analyzing module microblazev_microblaze_riscv_0_0_xil_scan_reset_control__11
INFO: [VRFC 10-311] analyzing module microblazev_microblaze_riscv_0_0_xil_scan_reset_control__4
INFO: [VRFC 10-311] analyzing module microblazev_microblaze_riscv_0_0_xil_scan_reset_control__5
INFO: [VRFC 10-311] analyzing module microblazev_microblaze_riscv_0_0_xil_scan_reset_control__6
INFO: [VRFC 10-311] analyzing module microblazev_microblaze_riscv_0_0_xil_scan_reset_control__7
INFO: [VRFC 10-311] analyzing module microblazev_microblaze_riscv_0_0_xil_scan_reset_control__8
INFO: [VRFC 10-311] analyzing module microblazev_microblaze_riscv_0_0_xil_scan_reset_control__9
INFO: [VRFC 10-311] analyzing module microblazev_lmb_bram_0_blk_mem_gen_generic_cstr
INFO: [VRFC 10-311] analyzing module microblazev_lmb_bram_0_blk_mem_gen_prim_width
INFO: [VRFC 10-311] analyzing module microblazev_lmb_bram_0_blk_mem_gen_prim_width__parameterized0
INFO: [VRFC 10-311] analyzing module microblazev_lmb_bram_0_blk_mem_gen_prim_width__parameterized1
INFO: [VRFC 10-311] analyzing module microblazev_lmb_bram_0_blk_mem_gen_prim_width__parameterized2
INFO: [VRFC 10-311] analyzing module microblazev_lmb_bram_0_blk_mem_gen_prim_width__parameterized3
INFO: [VRFC 10-311] analyzing module microblazev_lmb_bram_0_blk_mem_gen_prim_width__parameterized4
INFO: [VRFC 10-311] analyzing module microblazev_lmb_bram_0_blk_mem_gen_prim_width__parameterized5
INFO: [VRFC 10-311] analyzing module microblazev_lmb_bram_0_blk_mem_gen_prim_width__parameterized6
INFO: [VRFC 10-311] analyzing module microblazev_lmb_bram_0_blk_mem_gen_prim_wrapper
INFO: [VRFC 10-311] analyzing module microblazev_lmb_bram_0_blk_mem_gen_prim_wrapper__parameterized0
INFO: [VRFC 10-311] analyzing module microblazev_lmb_bram_0_blk_mem_gen_prim_wrapper__parameterized1
INFO: [VRFC 10-311] analyzing module microblazev_lmb_bram_0_blk_mem_gen_prim_wrapper__parameterized2
INFO: [VRFC 10-311] analyzing module microblazev_lmb_bram_0_blk_mem_gen_prim_wrapper__parameterized3
INFO: [VRFC 10-311] analyzing module microblazev_lmb_bram_0_blk_mem_gen_prim_wrapper__parameterized4
INFO: [VRFC 10-311] analyzing module microblazev_lmb_bram_0_blk_mem_gen_prim_wrapper__parameterized5
INFO: [VRFC 10-311] analyzing module microblazev_lmb_bram_0_blk_mem_gen_prim_wrapper__parameterized6
INFO: [VRFC 10-311] analyzing module microblazev_lmb_bram_0_blk_mem_gen_top
INFO: [VRFC 10-311] analyzing module microblazev_lmb_bram_0_blk_mem_gen_v8_4_10
INFO: [VRFC 10-311] analyzing module microblazev_lmb_bram_0_blk_mem_gen_v8_4_10_synth
INFO: [VRFC 10-311] analyzing module glbl
