Vivado Simulator v2024.2.1
Copyright 1986-2022 Xilinx, Inc. All Rights Reserved.
Copyright 2022-2024 Advanced Micro Devices, Inc. All Rights Reserved.
Running: /home/eciftci/Xilinx/Vivado/2024.2/bin/unwrapped/lnx64.o/xelab --incr --debug typical --relax --mt 8 -L xil_defaultlib -L xilinx_vip -L unisims_ver -L secureip --snapshot microblazev_wrapper_func_impl xil_defaultlib.microblazev_wrapper xil_defaultlib.glbl -log elaborate.log 
Using 8 slave threads.
Starting static elaboration
Pass Through NonSizing Optimizer
Completed static elaboration
Starting simulation data flow analysis
Completed simulation data flow analysis
Time Resolution for simulation is 1ps
Compiling module unisims_ver.LUT6
Compiling module unisims_ver.LUT4
Compiling module unisims_ver.FDSE_default
Compiling module unisims_ver.FDRE_default
Compiling module unisims_ver.x_lut1_mux2
Compiling module unisims_ver.LUT1
Compiling module unisims_ver.x_lut2_mux4
Compiling module unisims_ver.LUT2
Compiling module unisims_ver.x_lut3_mux8
Compiling module unisims_ver.LUT3
Compiling module unisims_ver.LUT5
Compiling module xil_defaultlib.microblazev_axi_intc_0_0_address...
Compiling module xil_defaultlib.microblazev_axi_intc_0_0_slave_a...
Compiling module xil_defaultlib.microblazev_axi_intc_0_0_axi_lit...
Compiling module xil_defaultlib.microblazev_axi_intc_0_0_intc_co...
Compiling module xil_defaultlib.microblazev_axi_intc_0_0_axi_int...
Compiling module xil_defaultlib.microblazev_axi_intc_0_0
Compiling module xil_defaultlib.microblazev_axi_smc_0_cdc_sync
Compiling module unisims_ver.SRL16E_default
Compiling module xil_defaultlib.microblazev_axi_smc_0_lpf
Compiling module xil_defaultlib.microblazev_axi_smc_0_upcnt_n
Compiling module xil_defaultlib.microblazev_axi_smc_0_sequence_p...
Compiling module xil_defaultlib.microblazev_axi_smc_0_proc_sys_r...
Compiling module xil_defaultlib.microblazev_axi_smc_0_bd_2613_ps...
Compiling module xil_defaultlib.microblazev_axi_smc_0_clk_map_im...
Compiling module unisims_ver.FDCE_default
Compiling module xil_defaultlib.microblazev_axi_smc_0_xpm_cdc_as...
Compiling module xil_defaultlib.microblazev_axi_smc_0_bd_2613_m0...
Compiling module xil_defaultlib.microblazev_axi_smc_0_m00_exit_p...
Compiling module xil_defaultlib.microblazev_axi_smc_0_xpm_cdc_as...
Compiling module xil_defaultlib.microblazev_axi_smc_0_bd_2613_m0...
Compiling module xil_defaultlib.microblazev_axi_smc_0_xpm_cdc_as...
Compiling module xil_defaultlib.microblazev_axi_smc_0_bd_2613_m0...
Compiling module xil_defaultlib.microblazev_axi_smc_0_xpm_cdc_as...
Compiling module xil_defaultlib.microblazev_axi_smc_0_bd_2613_m0...
Compiling module xil_defaultlib.microblazev_axi_smc_0_xpm_cdc_as...
Compiling module xil_defaultlib.microblazev_axi_smc_0_bd_2613_m0...
Compiling module xil_defaultlib.microblazev_axi_smc_0_xpm_cdc_as...
Compiling module xil_defaultlib.microblazev_axi_smc_0_bd_2613_m0...
Compiling module xil_defaultlib.microblazev_axi_smc_0_m00_nodes_...
Compiling module xil_defaultlib.microblazev_axi_smc_0_bd_2613_m0...
Compiling module xil_defaultlib.microblazev_axi_smc_0_xpm_cdc_as...
Compiling module xil_defaultlib.microblazev_axi_smc_0_bd_2613_m0...
Compiling module xil_defaultlib.microblazev_axi_smc_0_m01_exit_p...
Compiling module xil_defaultlib.microblazev_axi_smc_0_xpm_cdc_as...
Compiling module xil_defaultlib.microblazev_axi_smc_0_bd_2613_m0...
Compiling module xil_defaultlib.microblazev_axi_smc_0_xpm_cdc_as...
Compiling module xil_defaultlib.microblazev_axi_smc_0_bd_2613_m0...
Compiling module xil_defaultlib.microblazev_axi_smc_0_xpm_cdc_as...
Compiling module xil_defaultlib.microblazev_axi_smc_0_bd_2613_m0...
Compiling module xil_defaultlib.microblazev_axi_smc_0_xpm_cdc_as...
Compiling module xil_defaultlib.microblazev_axi_smc_0_bd_2613_m0...
Compiling module xil_defaultlib.microblazev_axi_smc_0_xpm_cdc_as...
Compiling module xil_defaultlib.microblazev_axi_smc_0_bd_2613_m0...
Compiling module xil_defaultlib.microblazev_axi_smc_0_m01_nodes_...
Compiling module xil_defaultlib.microblazev_axi_smc_0_bd_2613_m0...
Compiling module xil_defaultlib.microblazev_axi_smc_0_xpm_cdc_as...
Compiling module xil_defaultlib.microblazev_axi_smc_0_bd_2613_m0...
Compiling module xil_defaultlib.microblazev_axi_smc_0_m02_exit_p...
Compiling module xil_defaultlib.microblazev_axi_smc_0_xpm_cdc_as...
Compiling module xil_defaultlib.microblazev_axi_smc_0_bd_2613_m0...
Compiling module xil_defaultlib.microblazev_axi_smc_0_xpm_cdc_as...
Compiling module xil_defaultlib.microblazev_axi_smc_0_bd_2613_m0...
Compiling module xil_defaultlib.microblazev_axi_smc_0_xpm_cdc_as...
Compiling module xil_defaultlib.microblazev_axi_smc_0_bd_2613_m0...
Compiling module xil_defaultlib.microblazev_axi_smc_0_xpm_cdc_as...
Compiling module xil_defaultlib.microblazev_axi_smc_0_bd_2613_m0...
Compiling module xil_defaultlib.microblazev_axi_smc_0_xpm_cdc_as...
Compiling module xil_defaultlib.microblazev_axi_smc_0_bd_2613_m0...
Compiling module xil_defaultlib.microblazev_axi_smc_0_m02_nodes_...
Compiling module xil_defaultlib.microblazev_axi_smc_0_bd_2613_m0...
Compiling module xil_defaultlib.microblazev_axi_smc_0_xpm_cdc_as...
Compiling module xil_defaultlib.microblazev_axi_smc_0_bd_2613_m0...
Compiling module xil_defaultlib.microblazev_axi_smc_0_m03_exit_p...
Compiling module xil_defaultlib.microblazev_axi_smc_0_xpm_cdc_as...
Compiling module xil_defaultlib.microblazev_axi_smc_0_bd_2613_m0...
Compiling module xil_defaultlib.microblazev_axi_smc_0_xpm_cdc_as...
Compiling module xil_defaultlib.microblazev_axi_smc_0_bd_2613_m0...
Compiling module xil_defaultlib.microblazev_axi_smc_0_xpm_cdc_as...
Compiling module xil_defaultlib.microblazev_axi_smc_0_bd_2613_m0...
Compiling module xil_defaultlib.microblazev_axi_smc_0_xpm_cdc_as...
Compiling module xil_defaultlib.microblazev_axi_smc_0_bd_2613_m0...
Compiling module xil_defaultlib.microblazev_axi_smc_0_xpm_cdc_as...
Compiling module xil_defaultlib.microblazev_axi_smc_0_bd_2613_m0...
Compiling module xil_defaultlib.microblazev_axi_smc_0_m03_nodes_...
Compiling module xil_defaultlib.microblazev_axi_smc_0_bd_2613_m0...
Compiling module xil_defaultlib.microblazev_axi_smc_0_bd_2613_s0...
Compiling module xil_defaultlib.microblazev_axi_smc_0_xpm_cdc_as...
Compiling module xil_defaultlib.microblazev_axi_smc_0_bd_2613_s0...
Compiling module xil_defaultlib.microblazev_axi_smc_0_xpm_cdc_as...
Compiling module xil_defaultlib.microblazev_axi_smc_0_bd_2613_s0...
Compiling module xil_defaultlib.microblazev_axi_smc_0_xpm_cdc_as...
Compiling module xil_defaultlib.microblazev_axi_smc_0_bd_2613_s0...
Compiling module xil_defaultlib.microblazev_axi_smc_0_s00_entry_...
Compiling module xil_defaultlib.microblazev_axi_smc_0_xpm_cdc_as...
Compiling module xil_defaultlib.microblazev_axi_smc_0_bd_2613_sa...
Compiling module xil_defaultlib.microblazev_axi_smc_0_xpm_cdc_as...
Compiling module xil_defaultlib.microblazev_axi_smc_0_bd_2613_sa...
Compiling module xil_defaultlib.microblazev_axi_smc_0_xpm_cdc_as...
Compiling module xil_defaultlib.microblazev_axi_smc_0_bd_2613_sb...
Compiling module xil_defaultlib.microblazev_axi_smc_0_xpm_cdc_as...
Compiling module xil_defaultlib.microblazev_axi_smc_0_bd_2613_sr...
Compiling module xil_defaultlib.microblazev_axi_smc_0_xpm_cdc_as...
Compiling module xil_defaultlib.microblazev_axi_smc_0_bd_2613_sw...
Compiling module xil_defaultlib.microblazev_axi_smc_0_s00_nodes_...
Compiling module xil_defaultlib.microblazev_axi_smc_0_bd_2613_ar...
Compiling module xil_defaultlib.microblazev_axi_smc_0_bd_2613_ar...
Compiling module xil_defaultlib.microblazev_axi_smc_0_bd_2613_aw...
Compiling module xil_defaultlib.microblazev_axi_smc_0_bd_2613_aw...
Compiling module xil_defaultlib.microblazev_axi_smc_0_bd_2613_bi...
Compiling module xil_defaultlib.microblazev_axi_smc_0_bd_2613_bo...
Compiling module xil_defaultlib.microblazev_axi_smc_0_xpm_cdc_as...
Compiling module xil_defaultlib.microblazev_axi_smc_0_bd_2613_ar...
Compiling module xil_defaultlib.microblazev_axi_smc_0_xpm_cdc_as...
Compiling module xil_defaultlib.microblazev_axi_smc_0_bd_2613_aw...
Compiling module xil_defaultlib.microblazev_axi_smc_0_xpm_cdc_as...
Compiling module xil_defaultlib.microblazev_axi_smc_0_bd_2613_bn...
Compiling module xil_defaultlib.microblazev_axi_smc_0_xpm_cdc_as...
Compiling module xil_defaultlib.microblazev_axi_smc_0_bd_2613_rn...
Compiling module xil_defaultlib.microblazev_axi_smc_0_xpm_cdc_as...
Compiling module xil_defaultlib.microblazev_axi_smc_0_bd_2613_wn...
Compiling module xil_defaultlib.microblazev_axi_smc_0_i_nodes_im...
Compiling module xil_defaultlib.microblazev_axi_smc_0_bd_2613_ri...
Compiling module xil_defaultlib.microblazev_axi_smc_0_bd_2613_ro...
Compiling module xil_defaultlib.microblazev_axi_smc_0_bd_2613_wi...
Compiling module xil_defaultlib.microblazev_axi_smc_0_bd_2613_wo...
Compiling module xil_defaultlib.microblazev_axi_smc_0_switchboar...
Compiling module xil_defaultlib.microblazev_axi_smc_0_bd_2613
Compiling module xil_defaultlib.microblazev_axi_smc_0
Compiling module xil_defaultlib.microblazev_axi_uartlite_0_0_pse...
Compiling module xil_defaultlib.microblazev_axi_uartlite_0_0_pse...
Compiling module xil_defaultlib.microblazev_axi_uartlite_0_0_add...
Compiling module xil_defaultlib.microblazev_axi_uartlite_0_0_sla...
Compiling module xil_defaultlib.microblazev_axi_uartlite_0_0_axi...
Compiling module xil_defaultlib.microblazev_axi_uartlite_0_0_bau...
Compiling module xil_defaultlib.microblazev_axi_uartlite_0_0_cdc...
Compiling module xil_defaultlib.microblazev_axi_uartlite_0_0_cnt...
Compiling module xil_defaultlib.microblazev_axi_uartlite_0_0_dyn...
Compiling module xil_defaultlib.microblazev_axi_uartlite_0_0_srl...
Compiling module xil_defaultlib.microblazev_axi_uartlite_0_0_srl...
Compiling module xil_defaultlib.microblazev_axi_uartlite_0_0_uar...
Compiling module xil_defaultlib.microblazev_axi_uartlite_0_0_cnt...
Compiling module unisims_ver.MUXF7
Compiling module xil_defaultlib.microblazev_axi_uartlite_0_0_dyn...
Compiling module xil_defaultlib.microblazev_axi_uartlite_0_0_srl...
Compiling module xil_defaultlib.microblazev_axi_uartlite_0_0_srl...
Compiling module xil_defaultlib.microblazev_axi_uartlite_0_0_uar...
Compiling module xil_defaultlib.microblazev_axi_uartlite_0_0_uar...
Compiling module xil_defaultlib.microblazev_axi_uartlite_0_0_axi...
Compiling module xil_defaultlib.microblazev_axi_uartlite_0_0
Compiling module unisims_ver.BUFG
Compiling module unisims_ver.IBUF
Compiling module unisims_ver.MMCME2_ADV(CLKFBOUT_MULT_F=10.0,...
Compiling module xil_defaultlib.microblazev_clk_wiz_1_0_clk_wiz
Compiling module xil_defaultlib.microblazev_clk_wiz_1_0
Compiling module unisims_ver.BUFGCTRL(INIT_OUT=1,PRESELECT_I0...
Compiling module xil_defaultlib.microblazev_mdm_1_0_MB_BUFGCE_1_...
Compiling module xil_defaultlib.microblazev_mdm_1_0_MB_BUFG
Compiling module unisims_ver.FDRE(IS_C_INVERTED=1'b1)
Compiling module unisims_ver.SRLC32E_default
Compiling module xil_defaultlib.microblazev_mdm_1_0_JTAG_CONTROL
Compiling module xil_defaultlib.microblazev_mdm_1_0_MDM_Core
Compiling module unisims_ver.BSCANE2(JTAG_CHAIN=2)
Compiling module unisims_ver.CARRY4
Compiling module xil_defaultlib.microblazev_mdm_1_0_MB_BSCANE2
Compiling module xil_defaultlib.microblazev_mdm_1_0_MB_LUT1
Compiling module xil_defaultlib.microblazev_mdm_1_0_MB_BUFGCE_1
Compiling module xil_defaultlib.microblazev_mdm_1_0_MDM_RISCV
Compiling module xil_defaultlib.microblazev_mdm_1_0
Compiling module unisims_ver.LUT6_2
Compiling module unisims_ver.RAM32M
Compiling module unisims_ver.GND
Compiling module unisims_ver.VCC
Compiling module unisims_ver.MUXF8
Compiling module unisims_ver.FDPE_default
Compiling module xil_defaultlib.microblazev_microblaze_riscv_0_0
Compiling module xil_defaultlib.microblazev_dlmb_bram_if_cntlr_0...
Compiling module xil_defaultlib.microblazev_dlmb_bram_if_cntlr_0
Compiling module xil_defaultlib.microblazev_dlmb_v10_0_lmb_v10
Compiling module xil_defaultlib.microblazev_dlmb_v10_0
Compiling module xil_defaultlib.microblazev_ilmb_bram_if_cntlr_0...
Compiling module xil_defaultlib.microblazev_ilmb_bram_if_cntlr_0
Compiling module xil_defaultlib.microblazev_ilmb_v10_0_lmb_v10
Compiling module xil_defaultlib.microblazev_ilmb_v10_0
Compiling module unisims_ver.RB36_INTERNAL_VLOG(READ_WIDTH_A=...
Compiling module unisims_ver.RAMB36E1(INIT_00=256'b01111,READ...
Compiling module unisims_ver.RB36_INTERNAL_VLOG(READ_WIDTH_A=...
Compiling module unisims_ver.RAMB36E1(INIT_00=256'b0110,READ_...
Compiling module unisims_ver.RB36_INTERNAL_VLOG(READ_WIDTH_A=...
Compiling module unisims_ver.RAMB36E1(READ_WIDTH_A=4,READ_WID...
Compiling module xil_defaultlib.microblazev_lmb_bram_0
Compiling module xil_defaultlib.microblaze_riscv_0_local_memory_...
Compiling module xil_defaultlib.microblazev_mytimer_0_1_Timer
Compiling module xil_defaultlib.microblazev_mytimer_0_1_mytimer_...
Compiling module xil_defaultlib.microblazev_mytimer_0_1_mytimer_...
Compiling module xil_defaultlib.microblazev_mytimer_0_1_mytimer
Compiling module xil_defaultlib.microblazev_mytimer_0_1
Compiling module xil_defaultlib.microblazev_rst_clk_wiz_1_100M_0...
Compiling module xil_defaultlib.microblazev_rst_clk_wiz_1_100M_0...
Compiling module xil_defaultlib.microblazev_rst_clk_wiz_1_100M_0...
Compiling module xil_defaultlib.microblazev_rst_clk_wiz_1_100M_0...
Compiling module xil_defaultlib.microblazev_rst_clk_wiz_1_100M_0...
Compiling module xil_defaultlib.microblazev_rst_clk_wiz_1_100M_0...
Compiling module xil_defaultlib.microblazev_rst_clk_wiz_1_100M_0
Compiling module xil_defaultlib.microblazev_xlconcat_0_0
Compiling module xil_defaultlib.microblazev
Compiling module unisims_ver.OBUF
Compiling module xil_defaultlib.microblazev_wrapper
Compiling module xil_defaultlib.glbl
Built simulation snapshot microblazev_wrapper_func_impl
